{"/Users/darin/code/dc/dc.com/src/commands/Command.ts": {"path":"/Users/darin/code/dc/dc.com/src/commands/Command.ts","statementMap":{},"fnMap":{},"branchMap":{},"s":{},"f":{},"b":{},"meta":{"lastBranch":0,"lastFunction":0,"lastStatement":0,"seen":{}}}
,"/Users/darin/code/dc/dc.com/src/commands/core/alias.ts": {"path":"/Users/darin/code/dc/dc.com/src/commands/core/alias.ts","statementMap":{"0":{"start":{"line":5,"column":2},"end":{"line":46,"column":null}},"1":{"start":{"line":10,"column":6},"end":{"line":21,"column":null}},"2":{"start":{"line":11,"column":24},"end":{"line":11,"column":null}},"3":{"start":{"line":12,"column":8},"end":{"line":14,"column":null}},"4":{"start":{"line":13,"column":10},"end":{"line":13,"column":null}},"5":{"start":{"line":16,"column":22},"end":{"line":18,"column":null}},"6":{"start":{"line":17,"column":26},"end":{"line":17,"column":50}},"7":{"start":{"line":18,"column":36},"end":{"line":18,"column":64}},"8":{"start":{"line":20,"column":8},"end":{"line":20,"column":null}},"9":{"start":{"line":24,"column":20},"end":{"line":24,"column":null}},"10":{"start":{"line":25,"column":20},"end":{"line":25,"column":null}},"11":{"start":{"line":27,"column":6},"end":{"line":32,"column":null}},"12":{"start":{"line":28,"column":8},"end":{"line":31,"column":null}},"13":{"start":{"line":34,"column":32},"end":{"line":34,"column":null}},"14":{"start":{"line":36,"column":6},"end":{"line":44,"column":null}},"15":{"start":{"line":37,"column":8},"end":{"line":37,"column":null}},"16":{"start":{"line":38,"column":8},"end":{"line":38,"column":null}},"17":{"start":{"line":40,"column":8},"end":{"line":43,"column":null}}},"fnMap":{"0":{"name":"createAliasCommand","decl":{"start":{"line":4,"column":16},"end":{"line":4,"column":35}},"loc":{"start":{"line":4,"column":72},"end":{"line":47,"column":null}},"line":4},"1":{"name":"(anonymous_1)","decl":{"start":{"line":8,"column":13},"end":{"line":8,"column":14}},"loc":{"start":{"line":8,"column":49},"end":{"line":45,"column":null}},"line":8},"2":{"name":"(anonymous_2)","decl":{"start":{"line":17,"column":16},"end":{"line":17,"column":17}},"loc":{"start":{"line":17,"column":26},"end":{"line":17,"column":50}},"line":17},"3":{"name":"(anonymous_3)","decl":{"start":{"line":18,"column":15},"end":{"line":18,"column":16}},"loc":{"start":{"line":18,"column":36},"end":{"line":18,"column":64}},"line":18}},"branchMap":{"0":{"loc":{"start":{"line":10,"column":6},"end":{"line":21,"column":null}},"type":"if","locations":[{"start":{"line":10,"column":6},"end":{"line":21,"column":null}},{"start":{},"end":{}}],"line":10},"1":{"loc":{"start":{"line":12,"column":8},"end":{"line":14,"column":null}},"type":"if","locations":[{"start":{"line":12,"column":8},"end":{"line":14,"column":null}},{"start":{},"end":{}}],"line":12},"2":{"loc":{"start":{"line":27,"column":6},"end":{"line":32,"column":null}},"type":"if","locations":[{"start":{"line":27,"column":6},"end":{"line":32,"column":null}},{"start":{},"end":{}}],"line":27},"3":{"loc":{"start":{"line":41,"column":18},"end":{"line":41,"column":null}},"type":"cond-expr","locations":[{"start":{"line":41,"column":43},"end":{"line":41,"column":59}},{"start":{"line":41,"column":59},"end":{"line":41,"column":null}}],"line":41}},"s":{"0":0,"1":0,"2":0,"3":0,"4":0,"5":0,"6":0,"7":0,"8":0,"9":0,"10":0,"11":0,"12":0,"13":0,"14":0,"15":0,"16":0,"17":0},"f":{"0":0,"1":0,"2":0,"3":0},"b":{"0":[0,0],"1":[0,0],"2":[0,0],"3":[0,0]},"meta":{"lastBranch":4,"lastFunction":4,"lastStatement":18,"seen":{"f:4:16:4:35":0,"s:5:2:46:Infinity":0,"f:8:13:8:14":1,"b:10:6:21:Infinity:undefined:undefined:undefined:undefined":0,"s:10:6:21:Infinity":1,"s:11:24:11:Infinity":2,"b:12:8:14:Infinity:undefined:undefined:undefined:undefined":1,"s:12:8:14:Infinity":3,"s:13:10:13:Infinity":4,"s:16:22:18:Infinity":5,"f:17:16:17:17":2,"s:17:26:17:50":6,"f:18:15:18:16":3,"s:18:36:18:64":7,"s:20:8:20:Infinity":8,"s:24:20:24:Infinity":9,"s:25:20:25:Infinity":10,"b:27:6:32:Infinity:undefined:undefined:undefined:undefined":2,"s:27:6:32:Infinity":11,"s:28:8:31:Infinity":12,"s:34:32:34:Infinity":13,"s:36:6:44:Infinity":14,"s:37:8:37:Infinity":15,"s:38:8:38:Infinity":16,"s:40:8:43:Infinity":17,"b:41:43:41:59:41:59:41:Infinity":3}}}
,"/Users/darin/code/dc/dc.com/src/commands/core/date.ts": {"path":"/Users/darin/code/dc/dc.com/src/commands/core/date.ts","statementMap":{"0":{"start":{"line":3,"column":36},"end":{"line":11,"column":null}},"1":{"start":{"line":7,"column":16},"end":{"line":7,"column":null}},"2":{"start":{"line":8,"column":23},"end":{"line":8,"column":null}},"3":{"start":{"line":9,"column":4},"end":{"line":9,"column":null}}},"fnMap":{"0":{"name":"(anonymous_0)","decl":{"start":{"line":6,"column":11},"end":{"line":6,"column":12}},"loc":{"start":{"line":6,"column":47},"end":{"line":10,"column":null}},"line":6}},"branchMap":{},"s":{"0":0,"1":0,"2":0,"3":0},"f":{"0":0},"b":{},"meta":{"lastBranch":0,"lastFunction":1,"lastStatement":4,"seen":{"s:3:36:11:Infinity":0,"f:6:11:6:12":0,"s:7:16:7:Infinity":1,"s:8:23:8:Infinity":2,"s:9:4:9:Infinity":3}}}
,"/Users/darin/code/dc/dc.com/src/commands/core/echo.ts": {"path":"/Users/darin/code/dc/dc.com/src/commands/core/echo.ts","statementMap":{"0":{"start":{"line":3,"column":36},"end":{"line":51,"column":null}},"1":{"start":{"line":7,"column":27},"end":{"line":7,"column":null}},"2":{"start":{"line":8,"column":31},"end":{"line":8,"column":null}},"3":{"start":{"line":11,"column":4},"end":{"line":17,"column":null}},"4":{"start":{"line":12,"column":6},"end":{"line":16,"column":null}},"5":{"start":{"line":13,"column":8},"end":{"line":13,"column":null}},"6":{"start":{"line":15,"column":8},"end":{"line":15,"column":null}},"7":{"start":{"line":22,"column":4},"end":{"line":32,"column":null}},"8":{"start":{"line":23,"column":6},"end":{"line":23,"column":null}},"9":{"start":{"line":25,"column":6},"end":{"line":27,"column":null}},"10":{"start":{"line":26,"column":8},"end":{"line":26,"column":null}},"11":{"start":{"line":31,"column":6},"end":{"line":31,"column":null}},"12":{"start":{"line":35,"column":4},"end":{"line":44,"column":null}},"13":{"start":{"line":36,"column":6},"end":{"line":43,"column":null}},"14":{"start":{"line":46,"column":4},"end":{"line":49,"column":null}}},"fnMap":{"0":{"name":"(anonymous_0)","decl":{"start":{"line":6,"column":11},"end":{"line":6,"column":12}},"loc":{"start":{"line":6,"column":47},"end":{"line":50,"column":null}},"line":6}},"branchMap":{"0":{"loc":{"start":{"line":12,"column":6},"end":{"line":16,"column":null}},"type":"if","locations":[{"start":{"line":12,"column":6},"end":{"line":16,"column":null}},{"start":{"line":14,"column":13},"end":{"line":16,"column":null}}],"line":12},"1":{"loc":{"start":{"line":22,"column":4},"end":{"line":32,"column":null}},"type":"if","locations":[{"start":{"line":22,"column":4},"end":{"line":32,"column":null}},{"start":{"line":30,"column":9},"end":{"line":32,"column":null}}],"line":22},"2":{"loc":{"start":{"line":22,"column":8},"end":{"line":22,"column":40}},"type":"binary-expr","locations":[{"start":{"line":22,"column":8},"end":{"line":22,"column":33}},{"start":{"line":22,"column":33},"end":{"line":22,"column":40}}],"line":22},"3":{"loc":{"start":{"line":25,"column":6},"end":{"line":27,"column":null}},"type":"if","locations":[{"start":{"line":25,"column":6},"end":{"line":27,"column":null}},{"start":{},"end":{}}],"line":25},"4":{"loc":{"start":{"line":35,"column":4},"end":{"line":44,"column":null}},"type":"if","locations":[{"start":{"line":35,"column":4},"end":{"line":44,"column":null}},{"start":{},"end":{}}],"line":35}},"s":{"0":0,"1":0,"2":0,"3":0,"4":0,"5":0,"6":0,"7":0,"8":0,"9":0,"10":0,"11":0,"12":0,"13":0,"14":0},"f":{"0":0},"b":{"0":[0,0],"1":[0,0],"2":[0,0],"3":[0,0],"4":[0,0]},"meta":{"lastBranch":5,"lastFunction":1,"lastStatement":15,"seen":{"s:3:36:51:Infinity":0,"f:6:11:6:12":0,"s:7:27:7:Infinity":1,"s:8:31:8:Infinity":2,"s:11:4:17:Infinity":3,"b:12:6:16:Infinity:14:13:16:Infinity":0,"s:12:6:16:Infinity":4,"s:13:8:13:Infinity":5,"s:15:8:15:Infinity":6,"b:22:4:32:Infinity:30:9:32:Infinity":1,"s:22:4:32:Infinity":7,"b:22:8:22:33:22:33:22:40":2,"s:23:6:23:Infinity":8,"b:25:6:27:Infinity:undefined:undefined:undefined:undefined":3,"s:25:6:27:Infinity":9,"s:26:8:26:Infinity":10,"s:31:6:31:Infinity":11,"b:35:4:44:Infinity:undefined:undefined:undefined:undefined":4,"s:35:4:44:Infinity":12,"s:36:6:43:Infinity":13,"s:46:4:49:Infinity":14}}}
,"/Users/darin/code/dc/dc.com/src/commands/core/history.ts": {"path":"/Users/darin/code/dc/dc.com/src/commands/core/history.ts","statementMap":{"0":{"start":{"line":5,"column":2},"end":{"line":22,"column":null}},"1":{"start":{"line":9,"column":22},"end":{"line":9,"column":null}},"2":{"start":{"line":11,"column":6},"end":{"line":13,"column":null}},"3":{"start":{"line":12,"column":8},"end":{"line":12,"column":null}},"4":{"start":{"line":15,"column":20},"end":{"line":18,"column":null}},"5":{"start":{"line":16,"column":14},"end":{"line":16,"column":null}},"6":{"start":{"line":17,"column":8},"end":{"line":17,"column":null}},"7":{"start":{"line":20,"column":6},"end":{"line":20,"column":null}}},"fnMap":{"0":{"name":"createHistoryCommand","decl":{"start":{"line":4,"column":16},"end":{"line":4,"column":37}},"loc":{"start":{"line":4,"column":68},"end":{"line":23,"column":null}},"line":4},"1":{"name":"(anonymous_1)","decl":{"start":{"line":8,"column":13},"end":{"line":8,"column":14}},"loc":{"start":{"line":8,"column":49},"end":{"line":21,"column":null}},"line":8},"2":{"name":"(anonymous_2)","decl":{"start":{"line":15,"column":32},"end":{"line":15,"column":33}},"loc":{"start":{"line":15,"column":48},"end":{"line":18,"column":7}},"line":15}},"branchMap":{"0":{"loc":{"start":{"line":11,"column":6},"end":{"line":13,"column":null}},"type":"if","locations":[{"start":{"line":11,"column":6},"end":{"line":13,"column":null}},{"start":{},"end":{}}],"line":11}},"s":{"0":0,"1":0,"2":0,"3":0,"4":0,"5":0,"6":0,"7":0},"f":{"0":0,"1":0,"2":0},"b":{"0":[0,0]},"meta":{"lastBranch":1,"lastFunction":3,"lastStatement":8,"seen":{"f:4:16:4:37":0,"s:5:2:22:Infinity":0,"f:8:13:8:14":1,"s:9:22:9:Infinity":1,"b:11:6:13:Infinity:undefined:undefined:undefined:undefined":0,"s:11:6:13:Infinity":2,"s:12:8:12:Infinity":3,"s:15:20:18:Infinity":4,"f:15:32:15:33":2,"s:16:14:16:Infinity":5,"s:17:8:17:Infinity":6,"s:20:6:20:Infinity":7}}}
,"/Users/darin/code/dc/dc.com/src/commands/core/render.ts": {"path":"/Users/darin/code/dc/dc.com/src/commands/core/render.ts","statementMap":{"0":{"start":{"line":6,"column":2},"end":{"line":65,"column":null}},"1":{"start":{"line":13,"column":6},"end":{"line":52,"column":null}},"2":{"start":{"line":14,"column":8},"end":{"line":14,"column":null}},"3":{"start":{"line":15,"column":6},"end":{"line":52,"column":null}},"4":{"start":{"line":18,"column":25},"end":{"line":18,"column":null}},"5":{"start":{"line":20,"column":8},"end":{"line":44,"column":null}},"6":{"start":{"line":22,"column":10},"end":{"line":27,"column":null}},"7":{"start":{"line":23,"column":12},"end":{"line":26,"column":null}},"8":{"start":{"line":30,"column":10},"end":{"line":35,"column":null}},"9":{"start":{"line":31,"column":12},"end":{"line":34,"column":null}},"10":{"start":{"line":38,"column":10},"end":{"line":38,"column":null}},"11":{"start":{"line":40,"column":10},"end":{"line":43,"column":null}},"12":{"start":{"line":48,"column":8},"end":{"line":51,"column":null}},"13":{"start":{"line":55,"column":29},"end":{"line":55,"column":null}},"14":{"start":{"line":58,"column":19},"end":{"line":58,"column":null}},"15":{"start":{"line":60,"column":6},"end":{"line":63,"column":null}}},"fnMap":{"0":{"name":"createRenderCommand","decl":{"start":{"line":5,"column":16},"end":{"line":5,"column":36}},"loc":{"start":{"line":5,"column":61},"end":{"line":66,"column":null}},"line":5},"1":{"name":"(anonymous_1)","decl":{"start":{"line":9,"column":13},"end":{"line":9,"column":14}},"loc":{"start":{"line":9,"column":49},"end":{"line":64,"column":null}},"line":9}},"branchMap":{"0":{"loc":{"start":{"line":13,"column":6},"end":{"line":52,"column":null}},"type":"if","locations":[{"start":{"line":13,"column":6},"end":{"line":52,"column":null}},{"start":{"line":15,"column":6},"end":{"line":52,"column":null}}],"line":13},"1":{"loc":{"start":{"line":15,"column":6},"end":{"line":52,"column":null}},"type":"if","locations":[{"start":{"line":15,"column":6},"end":{"line":52,"column":null}},{"start":{"line":47,"column":11},"end":{"line":52,"column":null}}],"line":15},"2":{"loc":{"start":{"line":22,"column":10},"end":{"line":27,"column":null}},"type":"if","locations":[{"start":{"line":22,"column":10},"end":{"line":27,"column":null}},{"start":{},"end":{}}],"line":22},"3":{"loc":{"start":{"line":30,"column":10},"end":{"line":35,"column":null}},"type":"if","locations":[{"start":{"line":30,"column":10},"end":{"line":35,"column":null}},{"start":{},"end":{}}],"line":30},"4":{"loc":{"start":{"line":41,"column":20},"end":{"line":41,"column":null}},"type":"cond-expr","locations":[{"start":{"line":41,"column":45},"end":{"line":41,"column":61}},{"start":{"line":41,"column":61},"end":{"line":41,"column":null}}],"line":41}},"s":{"0":0,"1":0,"2":0,"3":0,"4":0,"5":0,"6":0,"7":0,"8":0,"9":0,"10":0,"11":0,"12":0,"13":0,"14":0,"15":0},"f":{"0":0,"1":0},"b":{"0":[0,0],"1":[0,0],"2":[0,0],"3":[0,0],"4":[0,0]},"meta":{"lastBranch":5,"lastFunction":2,"lastStatement":16,"seen":{"f:5:16:5:36":0,"s:6:2:65:Infinity":0,"f:9:13:9:14":1,"b:13:6:52:Infinity:15:6:52:Infinity":0,"s:13:6:52:Infinity":1,"s:14:8:14:Infinity":2,"b:15:6:52:Infinity:47:11:52:Infinity":1,"s:15:6:52:Infinity":3,"s:18:25:18:Infinity":4,"s:20:8:44:Infinity":5,"b:22:10:27:Infinity:undefined:undefined:undefined:undefined":2,"s:22:10:27:Infinity":6,"s:23:12:26:Infinity":7,"b:30:10:35:Infinity:undefined:undefined:undefined:undefined":3,"s:30:10:35:Infinity":8,"s:31:12:34:Infinity":9,"s:38:10:38:Infinity":10,"s:40:10:43:Infinity":11,"b:41:45:41:61:41:61:41:Infinity":4,"s:48:8:51:Infinity":12,"s:55:29:55:Infinity":13,"s:58:19:58:Infinity":14,"s:60:6:63:Infinity":15}}}
,"/Users/darin/code/dc/dc.com/src/commands/core/unalias.ts": {"path":"/Users/darin/code/dc/dc.com/src/commands/core/unalias.ts","statementMap":{"0":{"start":{"line":5,"column":2},"end":{"line":28,"column":null}},"1":{"start":{"line":9,"column":6},"end":{"line":14,"column":null}},"2":{"start":{"line":10,"column":8},"end":{"line":13,"column":null}},"3":{"start":{"line":16,"column":19},"end":{"line":16,"column":null}},"4":{"start":{"line":17,"column":22},"end":{"line":17,"column":null}},"5":{"start":{"line":19,"column":6},"end":{"line":26,"column":null}},"6":{"start":{"line":20,"column":8},"end":{"line":20,"column":null}},"7":{"start":{"line":22,"column":8},"end":{"line":25,"column":null}}},"fnMap":{"0":{"name":"createUnaliasCommand","decl":{"start":{"line":4,"column":16},"end":{"line":4,"column":37}},"loc":{"start":{"line":4,"column":74},"end":{"line":29,"column":null}},"line":4},"1":{"name":"(anonymous_1)","decl":{"start":{"line":8,"column":13},"end":{"line":8,"column":14}},"loc":{"start":{"line":8,"column":49},"end":{"line":27,"column":null}},"line":8}},"branchMap":{"0":{"loc":{"start":{"line":9,"column":6},"end":{"line":14,"column":null}},"type":"if","locations":[{"start":{"line":9,"column":6},"end":{"line":14,"column":null}},{"start":{},"end":{}}],"line":9},"1":{"loc":{"start":{"line":19,"column":6},"end":{"line":26,"column":null}},"type":"if","locations":[{"start":{"line":19,"column":6},"end":{"line":26,"column":null}},{"start":{"line":21,"column":13},"end":{"line":26,"column":null}}],"line":19}},"s":{"0":0,"1":0,"2":0,"3":0,"4":0,"5":0,"6":0,"7":0},"f":{"0":0,"1":0},"b":{"0":[0,0],"1":[0,0]},"meta":{"lastBranch":2,"lastFunction":2,"lastStatement":8,"seen":{"f:4:16:4:37":0,"s:5:2:28:Infinity":0,"f:8:13:8:14":1,"b:9:6:14:Infinity:undefined:undefined:undefined:undefined":0,"s:9:6:14:Infinity":1,"s:10:8:13:Infinity":2,"s:16:19:16:Infinity":3,"s:17:22:17:Infinity":4,"b:19:6:26:Infinity:21:13:26:Infinity":1,"s:19:6:26:Infinity":5,"s:20:8:20:Infinity":6,"s:22:8:25:Infinity":7}}}
,"/Users/darin/code/dc/dc.com/src/commands/core/whoami.ts": {"path":"/Users/darin/code/dc/dc.com/src/commands/core/whoami.ts","statementMap":{"0":{"start":{"line":5,"column":2},"end":{"line":11,"column":null}},"1":{"start":{"line":9,"column":6},"end":{"line":9,"column":null}}},"fnMap":{"0":{"name":"createWhoamiCommand","decl":{"start":{"line":4,"column":16},"end":{"line":4,"column":36}},"loc":{"start":{"line":4,"column":65},"end":{"line":12,"column":null}},"line":4},"1":{"name":"(anonymous_1)","decl":{"start":{"line":8,"column":13},"end":{"line":8,"column":14}},"loc":{"start":{"line":8,"column":49},"end":{"line":10,"column":null}},"line":8}},"branchMap":{},"s":{"0":0,"1":0},"f":{"0":0,"1":0},"b":{},"meta":{"lastBranch":0,"lastFunction":2,"lastStatement":2,"seen":{"f:4:16:4:36":0,"s:5:2:11:Infinity":0,"f:8:13:8:14":1,"s:9:6:9:Infinity":1}}}
,"/Users/darin/code/dc/dc.com/src/commands/fs/cat.ts": {"path":"/Users/darin/code/dc/dc.com/src/commands/fs/cat.ts","statementMap":{"0":{"start":{"line":5,"column":2},"end":{"line":29,"column":null}},"1":{"start":{"line":9,"column":6},"end":{"line":14,"column":null}},"2":{"start":{"line":10,"column":8},"end":{"line":13,"column":null}},"3":{"start":{"line":16,"column":6},"end":{"line":27,"column":null}},"4":{"start":{"line":17,"column":24},"end":{"line":17,"column":null}},"5":{"start":{"line":18,"column":8},"end":{"line":21,"column":null}},"6":{"start":{"line":23,"column":8},"end":{"line":26,"column":null}}},"fnMap":{"0":{"name":"createCatCommand","decl":{"start":{"line":4,"column":16},"end":{"line":4,"column":33}},"loc":{"start":{"line":4,"column":58},"end":{"line":30,"column":null}},"line":4},"1":{"name":"(anonymous_1)","decl":{"start":{"line":8,"column":13},"end":{"line":8,"column":14}},"loc":{"start":{"line":8,"column":49},"end":{"line":28,"column":null}},"line":8}},"branchMap":{"0":{"loc":{"start":{"line":9,"column":6},"end":{"line":14,"column":null}},"type":"if","locations":[{"start":{"line":9,"column":6},"end":{"line":14,"column":null}},{"start":{},"end":{}}],"line":9},"1":{"loc":{"start":{"line":24,"column":18},"end":{"line":24,"column":null}},"type":"cond-expr","locations":[{"start":{"line":24,"column":43},"end":{"line":24,"column":59}},{"start":{"line":24,"column":59},"end":{"line":24,"column":null}}],"line":24}},"s":{"0":0,"1":0,"2":0,"3":0,"4":0,"5":0,"6":0},"f":{"0":0,"1":0},"b":{"0":[0,0],"1":[0,0]},"meta":{"lastBranch":2,"lastFunction":2,"lastStatement":7,"seen":{"f:4:16:4:33":0,"s:5:2:29:Infinity":0,"f:8:13:8:14":1,"b:9:6:14:Infinity:undefined:undefined:undefined:undefined":0,"s:9:6:14:Infinity":1,"s:10:8:13:Infinity":2,"s:16:6:27:Infinity":3,"s:17:24:17:Infinity":4,"s:18:8:21:Infinity":5,"s:23:8:26:Infinity":6,"b:24:43:24:59:24:59:24:Infinity":1}}}
,"/Users/darin/code/dc/dc.com/src/commands/fs/cd.ts": {"path":"/Users/darin/code/dc/dc.com/src/commands/fs/cd.ts","statementMap":{"0":{"start":{"line":9,"column":2},"end":{"line":36,"column":null}},"1":{"start":{"line":13,"column":6},"end":{"line":34,"column":null}},"2":{"start":{"line":14,"column":21},"end":{"line":14,"column":null}},"3":{"start":{"line":15,"column":8},"end":{"line":15,"column":null}},"4":{"start":{"line":16,"column":24},"end":{"line":16,"column":null}},"5":{"start":{"line":19,"column":8},"end":{"line":25,"column":null}},"6":{"start":{"line":20,"column":10},"end":{"line":20,"column":null}},"7":{"start":{"line":21,"column":10},"end":{"line":21,"column":null}},"8":{"start":{"line":22,"column":8},"end":{"line":25,"column":null}},"9":{"start":{"line":23,"column":10},"end":{"line":23,"column":null}},"10":{"start":{"line":24,"column":10},"end":{"line":24,"column":null}},"11":{"start":{"line":27,"column":8},"end":{"line":27,"column":null}},"12":{"start":{"line":28,"column":8},"end":{"line":28,"column":null}},"13":{"start":{"line":30,"column":8},"end":{"line":33,"column":null}}},"fnMap":{"0":{"name":"createCdCommand","decl":{"start":{"line":4,"column":16},"end":{"line":4,"column":null}},"loc":{"start":{"line":8,"column":11},"end":{"line":37,"column":null}},"line":8},"1":{"name":"(anonymous_1)","decl":{"start":{"line":12,"column":13},"end":{"line":12,"column":14}},"loc":{"start":{"line":12,"column":49},"end":{"line":35,"column":null}},"line":12}},"branchMap":{"0":{"loc":{"start":{"line":14,"column":21},"end":{"line":14,"column":null}},"type":"binary-expr","locations":[{"start":{"line":14,"column":21},"end":{"line":14,"column":32}},{"start":{"line":14,"column":32},"end":{"line":14,"column":null}}],"line":14},"1":{"loc":{"start":{"line":19,"column":8},"end":{"line":25,"column":null}},"type":"if","locations":[{"start":{"line":19,"column":8},"end":{"line":25,"column":null}},{"start":{"line":22,"column":8},"end":{"line":25,"column":null}}],"line":19},"2":{"loc":{"start":{"line":19,"column":12},"end":{"line":19,"column":77}},"type":"binary-expr","locations":[{"start":{"line":19,"column":12},"end":{"line":19,"column":41}},{"start":{"line":19,"column":41},"end":{"line":19,"column":77}}],"line":19},"3":{"loc":{"start":{"line":22,"column":8},"end":{"line":25,"column":null}},"type":"if","locations":[{"start":{"line":22,"column":8},"end":{"line":25,"column":null}},{"start":{},"end":{}}],"line":22},"4":{"loc":{"start":{"line":22,"column":19},"end":{"line":22,"column":84}},"type":"binary-expr","locations":[{"start":{"line":22,"column":19},"end":{"line":22,"column":48}},{"start":{"line":22,"column":48},"end":{"line":22,"column":84}}],"line":22},"5":{"loc":{"start":{"line":31,"column":18},"end":{"line":31,"column":null}},"type":"cond-expr","locations":[{"start":{"line":31,"column":43},"end":{"line":31,"column":59}},{"start":{"line":31,"column":59},"end":{"line":31,"column":null}}],"line":31}},"s":{"0":0,"1":0,"2":0,"3":0,"4":0,"5":0,"6":0,"7":0,"8":0,"9":0,"10":0,"11":0,"12":0,"13":0},"f":{"0":0,"1":0},"b":{"0":[0,0],"1":[0,0],"2":[0,0],"3":[0,0],"4":[0,0],"5":[0,0]},"meta":{"lastBranch":6,"lastFunction":2,"lastStatement":14,"seen":{"f:4:16:4:Infinity":0,"s:9:2:36:Infinity":0,"f:12:13:12:14":1,"s:13:6:34:Infinity":1,"s:14:21:14:Infinity":2,"b:14:21:14:32:14:32:14:Infinity":0,"s:15:8:15:Infinity":3,"s:16:24:16:Infinity":4,"b:19:8:25:Infinity:22:8:25:Infinity":1,"s:19:8:25:Infinity":5,"b:19:12:19:41:19:41:19:77":2,"s:20:10:20:Infinity":6,"s:21:10:21:Infinity":7,"b:22:8:25:Infinity:undefined:undefined:undefined:undefined":3,"s:22:8:25:Infinity":8,"b:22:19:22:48:22:48:22:84":4,"s:23:10:23:Infinity":9,"s:24:10:24:Infinity":10,"s:27:8:27:Infinity":11,"s:28:8:28:Infinity":12,"s:30:8:33:Infinity":13,"b:31:43:31:59:31:59:31:Infinity":5}}}
,"/Users/darin/code/dc/dc.com/src/commands/fs/ls.ts": {"path":"/Users/darin/code/dc/dc.com/src/commands/fs/ls.ts","statementMap":{"0":{"start":{"line":5,"column":2},"end":{"line":25,"column":null}},"1":{"start":{"line":9,"column":6},"end":{"line":23,"column":null}},"2":{"start":{"line":10,"column":21},"end":{"line":10,"column":null}},"3":{"start":{"line":11,"column":22},"end":{"line":11,"column":null}},"4":{"start":{"line":13,"column":8},"end":{"line":15,"column":null}},"5":{"start":{"line":14,"column":10},"end":{"line":14,"column":null}},"6":{"start":{"line":17,"column":8},"end":{"line":17,"column":null}},"7":{"start":{"line":19,"column":8},"end":{"line":22,"column":null}}},"fnMap":{"0":{"name":"createLsCommand","decl":{"start":{"line":4,"column":16},"end":{"line":4,"column":32}},"loc":{"start":{"line":4,"column":57},"end":{"line":26,"column":null}},"line":4},"1":{"name":"(anonymous_1)","decl":{"start":{"line":8,"column":13},"end":{"line":8,"column":14}},"loc":{"start":{"line":8,"column":49},"end":{"line":24,"column":null}},"line":8}},"branchMap":{"0":{"loc":{"start":{"line":10,"column":21},"end":{"line":10,"column":null}},"type":"binary-expr","locations":[{"start":{"line":10,"column":21},"end":{"line":10,"column":32}},{"start":{"line":10,"column":32},"end":{"line":10,"column":null}}],"line":10},"1":{"loc":{"start":{"line":13,"column":8},"end":{"line":15,"column":null}},"type":"if","locations":[{"start":{"line":13,"column":8},"end":{"line":15,"column":null}},{"start":{},"end":{}}],"line":13},"2":{"loc":{"start":{"line":20,"column":18},"end":{"line":20,"column":null}},"type":"cond-expr","locations":[{"start":{"line":20,"column":43},"end":{"line":20,"column":59}},{"start":{"line":20,"column":59},"end":{"line":20,"column":null}}],"line":20}},"s":{"0":0,"1":0,"2":0,"3":0,"4":0,"5":0,"6":0,"7":0},"f":{"0":0,"1":0},"b":{"0":[0,0],"1":[0,0],"2":[0,0]},"meta":{"lastBranch":3,"lastFunction":2,"lastStatement":8,"seen":{"f:4:16:4:32":0,"s:5:2:25:Infinity":0,"f:8:13:8:14":1,"s:9:6:23:Infinity":1,"s:10:21:10:Infinity":2,"b:10:21:10:32:10:32:10:Infinity":0,"s:11:22:11:Infinity":3,"b:13:8:15:Infinity:undefined:undefined:undefined:undefined":1,"s:13:8:15:Infinity":4,"s:14:10:14:Infinity":5,"s:17:8:17:Infinity":6,"s:19:8:22:Infinity":7,"b:20:43:20:59:20:59:20:Infinity":2}}}
,"/Users/darin/code/dc/dc.com/src/commands/fs/pwd.ts": {"path":"/Users/darin/code/dc/dc.com/src/commands/fs/pwd.ts","statementMap":{"0":{"start":{"line":5,"column":2},"end":{"line":11,"column":null}},"1":{"start":{"line":9,"column":6},"end":{"line":9,"column":null}}},"fnMap":{"0":{"name":"createPwdCommand","decl":{"start":{"line":4,"column":16},"end":{"line":4,"column":33}},"loc":{"start":{"line":4,"column":58},"end":{"line":12,"column":null}},"line":4},"1":{"name":"(anonymous_1)","decl":{"start":{"line":8,"column":13},"end":{"line":8,"column":14}},"loc":{"start":{"line":8,"column":49},"end":{"line":10,"column":null}},"line":8}},"branchMap":{},"s":{"0":0,"1":0},"f":{"0":0,"1":0},"b":{},"meta":{"lastBranch":0,"lastFunction":2,"lastStatement":2,"seen":{"f:4:16:4:33":0,"s:5:2:11:Infinity":0,"f:8:13:8:14":1,"s:9:6:9:Infinity":1}}}
,"/Users/darin/code/dc/dc.com/src/commands/fs/tree.ts": {"path":"/Users/darin/code/dc/dc.com/src/commands/fs/tree.ts","statementMap":{"0":{"start":{"line":5,"column":2},"end":{"line":39,"column":null}},"1":{"start":{"line":9,"column":6},"end":{"line":37,"column":null}},"2":{"start":{"line":10,"column":19},"end":{"line":10,"column":null}},"3":{"start":{"line":11,"column":23},"end":{"line":11,"column":null}},"4":{"start":{"line":14,"column":8},"end":{"line":28,"column":null}},"5":{"start":{"line":14,"column":21},"end":{"line":14,"column":24}},"6":{"start":{"line":15,"column":10},"end":{"line":27,"column":null}},"7":{"start":{"line":16,"column":26},"end":{"line":16,"column":null}},"8":{"start":{"line":17,"column":12},"end":{"line":22,"column":null}},"9":{"start":{"line":18,"column":14},"end":{"line":21,"column":null}},"10":{"start":{"line":23,"column":12},"end":{"line":23,"column":null}},"11":{"start":{"line":24,"column":12},"end":{"line":24,"column":null}},"12":{"start":{"line":25,"column":10},"end":{"line":27,"column":null}},"13":{"start":{"line":26,"column":12},"end":{"line":26,"column":null}},"14":{"start":{"line":30,"column":22},"end":{"line":30,"column":null}},"15":{"start":{"line":31,"column":8},"end":{"line":31,"column":null}},"16":{"start":{"line":33,"column":8},"end":{"line":36,"column":null}}},"fnMap":{"0":{"name":"createTreeCommand","decl":{"start":{"line":4,"column":16},"end":{"line":4,"column":34}},"loc":{"start":{"line":4,"column":59},"end":{"line":40,"column":null}},"line":4},"1":{"name":"(anonymous_1)","decl":{"start":{"line":8,"column":13},"end":{"line":8,"column":14}},"loc":{"start":{"line":8,"column":49},"end":{"line":38,"column":null}},"line":8}},"branchMap":{"0":{"loc":{"start":{"line":15,"column":10},"end":{"line":27,"column":null}},"type":"if","locations":[{"start":{"line":15,"column":10},"end":{"line":27,"column":null}},{"start":{"line":25,"column":10},"end":{"line":27,"column":null}}],"line":15},"1":{"loc":{"start":{"line":15,"column":14},"end":{"line":15,"column":55}},"type":"binary-expr","locations":[{"start":{"line":15,"column":14},"end":{"line":15,"column":34}},{"start":{"line":15,"column":34},"end":{"line":15,"column":55}}],"line":15},"2":{"loc":{"start":{"line":17,"column":12},"end":{"line":22,"column":null}},"type":"if","locations":[{"start":{"line":17,"column":12},"end":{"line":22,"column":null}},{"start":{},"end":{}}],"line":17},"3":{"loc":{"start":{"line":17,"column":16},"end":{"line":17,"column":43}},"type":"binary-expr","locations":[{"start":{"line":17,"column":16},"end":{"line":17,"column":32}},{"start":{"line":17,"column":32},"end":{"line":17,"column":43}}],"line":17},"4":{"loc":{"start":{"line":25,"column":10},"end":{"line":27,"column":null}},"type":"if","locations":[{"start":{"line":25,"column":10},"end":{"line":27,"column":null}},{"start":{},"end":{}}],"line":25},"5":{"loc":{"start":{"line":34,"column":18},"end":{"line":34,"column":null}},"type":"cond-expr","locations":[{"start":{"line":34,"column":43},"end":{"line":34,"column":59}},{"start":{"line":34,"column":59},"end":{"line":34,"column":null}}],"line":34}},"s":{"0":0,"1":0,"2":0,"3":0,"4":0,"5":0,"6":0,"7":0,"8":0,"9":0,"10":0,"11":0,"12":0,"13":0,"14":0,"15":0,"16":0},"f":{"0":0,"1":0},"b":{"0":[0,0],"1":[0,0],"2":[0,0],"3":[0,0],"4":[0,0],"5":[0,0]},"meta":{"lastBranch":6,"lastFunction":2,"lastStatement":17,"seen":{"f:4:16:4:34":0,"s:5:2:39:Infinity":0,"f:8:13:8:14":1,"s:9:6:37:Infinity":1,"s:10:19:10:Infinity":2,"s:11:23:11:Infinity":3,"s:14:8:28:Infinity":4,"s:14:21:14:24":5,"b:15:10:27:Infinity:25:10:27:Infinity":0,"s:15:10:27:Infinity":6,"b:15:14:15:34:15:34:15:55":1,"s:16:26:16:Infinity":7,"b:17:12:22:Infinity:undefined:undefined:undefined:undefined":2,"s:17:12:22:Infinity":8,"b:17:16:17:32:17:32:17:43":3,"s:18:14:21:Infinity":9,"s:23:12:23:Infinity":10,"s:24:12:24:Infinity":11,"b:25:10:27:Infinity:undefined:undefined:undefined:undefined":4,"s:25:10:27:Infinity":12,"s:26:12:26:Infinity":13,"s:30:22:30:Infinity":14,"s:31:8:31:Infinity":15,"s:33:8:36:Infinity":16,"b:34:43:34:59:34:59:34:Infinity":5}}}
,"/Users/darin/code/dc/dc.com/src/commands/local/about.ts": {"path":"/Users/darin/code/dc/dc.com/src/commands/local/about.ts","statementMap":{"0":{"start":{"line":6,"column":2},"end":{"line":21,"column":null}},"1":{"start":{"line":10,"column":6},"end":{"line":19,"column":null}},"2":{"start":{"line":11,"column":24},"end":{"line":11,"column":null}},"3":{"start":{"line":12,"column":21},"end":{"line":12,"column":null}},"4":{"start":{"line":13,"column":8},"end":{"line":13,"column":null}},"5":{"start":{"line":15,"column":8},"end":{"line":18,"column":null}}},"fnMap":{"0":{"name":"createAboutCommand","decl":{"start":{"line":5,"column":16},"end":{"line":5,"column":35}},"loc":{"start":{"line":5,"column":60},"end":{"line":22,"column":null}},"line":5},"1":{"name":"(anonymous_1)","decl":{"start":{"line":9,"column":13},"end":{"line":9,"column":14}},"loc":{"start":{"line":9,"column":49},"end":{"line":20,"column":null}},"line":9}},"branchMap":{"0":{"loc":{"start":{"line":16,"column":18},"end":{"line":16,"column":null}},"type":"cond-expr","locations":[{"start":{"line":16,"column":43},"end":{"line":16,"column":59}},{"start":{"line":16,"column":59},"end":{"line":16,"column":null}}],"line":16}},"s":{"0":0,"1":0,"2":0,"3":0,"4":0,"5":0},"f":{"0":0,"1":0},"b":{"0":[0,0]},"meta":{"lastBranch":1,"lastFunction":2,"lastStatement":6,"seen":{"f:5:16:5:35":0,"s:6:2:21:Infinity":0,"f:9:13:9:14":1,"s:10:6:19:Infinity":1,"s:11:24:11:Infinity":2,"s:12:21:12:Infinity":3,"s:13:8:13:Infinity":4,"s:15:8:18:Infinity":5,"b:16:43:16:59:16:59:16:Infinity":0}}}
,"/Users/darin/code/dc/dc.com/src/commands/local/blog.ts": {"path":"/Users/darin/code/dc/dc.com/src/commands/local/blog.ts","statementMap":{"0":{"start":{"line":9,"column":2},"end":{"line":82,"column":null}},"1":{"start":{"line":13,"column":22},"end":{"line":13,"column":null}},"2":{"start":{"line":15,"column":6},"end":{"line":80,"column":null}},"3":{"start":{"line":17,"column":22},"end":{"line":17,"column":null}},"4":{"start":{"line":18,"column":26},"end":{"line":18,"column":null}},"5":{"start":{"line":18,"column":44},"end":{"line":18,"column":61}},"6":{"start":{"line":21,"column":39},"end":{"line":21,"column":null}},"7":{"start":{"line":22,"column":36},"end":{"line":22,"column":null}},"8":{"start":{"line":24,"column":8},"end":{"line":30,"column":null}},"9":{"start":{"line":25,"column":10},"end":{"line":29,"column":null}},"10":{"start":{"line":26,"column":12},"end":{"line":26,"column":null}},"11":{"start":{"line":28,"column":12},"end":{"line":28,"column":null}},"12":{"start":{"line":33,"column":34},"end":{"line":33,"column":null}},"13":{"start":{"line":34,"column":8},"end":{"line":38,"column":null}},"14":{"start":{"line":35,"column":26},"end":{"line":35,"column":null}},"15":{"start":{"line":36,"column":23},"end":{"line":36,"column":null}},"16":{"start":{"line":37,"column":10},"end":{"line":37,"column":null}},"17":{"start":{"line":41,"column":8},"end":{"line":54,"column":null}},"18":{"start":{"line":42,"column":23},"end":{"line":42,"column":null}},"19":{"start":{"line":42,"column":39},"end":{"line":42,"column":54}},"20":{"start":{"line":44,"column":10},"end":{"line":49,"column":null}},"21":{"start":{"line":45,"column":12},"end":{"line":48,"column":null}},"22":{"start":{"line":51,"column":27},"end":{"line":51,"column":null}},"23":{"start":{"line":52,"column":23},"end":{"line":52,"column":null}},"24":{"start":{"line":53,"column":10},"end":{"line":53,"column":null}},"25":{"start":{"line":57,"column":28},"end":{"line":57,"column":null}},"26":{"start":{"line":58,"column":8},"end":{"line":69,"column":null}},"27":{"start":{"line":59,"column":10},"end":{"line":61,"column":null}},"28":{"start":{"line":60,"column":12},"end":{"line":60,"column":null}},"29":{"start":{"line":60,"column":29},"end":{"line":60,"column":72}},"30":{"start":{"line":63,"column":10},"end":{"line":68,"column":null}},"31":{"start":{"line":64,"column":12},"end":{"line":67,"column":null}},"32":{"start":{"line":72,"column":25},"end":{"line":72,"column":null}},"33":{"start":{"line":73,"column":21},"end":{"line":73,"column":null}},"34":{"start":{"line":74,"column":8},"end":{"line":74,"column":null}},"35":{"start":{"line":76,"column":8},"end":{"line":79,"column":null}}},"fnMap":{"0":{"name":"createBlogCommand","decl":{"start":{"line":8,"column":16},"end":{"line":8,"column":34}},"loc":{"start":{"line":8,"column":59},"end":{"line":83,"column":null}},"line":8},"1":{"name":"(anonymous_1)","decl":{"start":{"line":12,"column":13},"end":{"line":12,"column":14}},"loc":{"start":{"line":12,"column":49},"end":{"line":81,"column":null}},"line":12},"2":{"name":"(anonymous_2)","decl":{"start":{"line":18,"column":39},"end":{"line":18,"column":44}},"loc":{"start":{"line":18,"column":44},"end":{"line":18,"column":61}},"line":18},"3":{"name":"(anonymous_3)","decl":{"start":{"line":42,"column":34},"end":{"line":42,"column":39}},"loc":{"start":{"line":42,"column":39},"end":{"line":42,"column":54}},"line":42},"4":{"name":"(anonymous_4)","decl":{"start":{"line":59,"column":39},"end":{"line":59,"column":null}},"loc":{"start":{"line":60,"column":12},"end":{"line":60,"column":null}},"line":60},"5":{"name":"(anonymous_5)","decl":{"start":{"line":60,"column":24},"end":{"line":60,"column":29}},"loc":{"start":{"line":60,"column":29},"end":{"line":60,"column":72}},"line":60}},"branchMap":{"0":{"loc":{"start":{"line":24,"column":8},"end":{"line":30,"column":null}},"type":"if","locations":[{"start":{"line":24,"column":8},"end":{"line":30,"column":null}},{"start":{},"end":{}}],"line":24},"1":{"loc":{"start":{"line":25,"column":10},"end":{"line":29,"column":null}},"type":"if","locations":[{"start":{"line":25,"column":10},"end":{"line":29,"column":null}},{"start":{"line":27,"column":17},"end":{"line":29,"column":null}}],"line":25},"2":{"loc":{"start":{"line":25,"column":14},"end":{"line":25,"column":54}},"type":"binary-expr","locations":[{"start":{"line":25,"column":14},"end":{"line":25,"column":37}},{"start":{"line":25,"column":37},"end":{"line":25,"column":54}}],"line":25},"3":{"loc":{"start":{"line":41,"column":8},"end":{"line":54,"column":null}},"type":"if","locations":[{"start":{"line":41,"column":8},"end":{"line":54,"column":null}},{"start":{},"end":{}}],"line":41},"4":{"loc":{"start":{"line":44,"column":10},"end":{"line":49,"column":null}},"type":"if","locations":[{"start":{"line":44,"column":10},"end":{"line":49,"column":null}},{"start":{},"end":{}}],"line":44},"5":{"loc":{"start":{"line":58,"column":8},"end":{"line":69,"column":null}},"type":"if","locations":[{"start":{"line":58,"column":8},"end":{"line":69,"column":null}},{"start":{},"end":{}}],"line":58},"6":{"loc":{"start":{"line":63,"column":10},"end":{"line":68,"column":null}},"type":"if","locations":[{"start":{"line":63,"column":10},"end":{"line":68,"column":null}},{"start":{},"end":{}}],"line":63},"7":{"loc":{"start":{"line":72,"column":72},"end":{"line":72,"column":94}},"type":"binary-expr","locations":[{"start":{"line":72,"column":72},"end":{"line":72,"column":85}},{"start":{"line":72,"column":85},"end":{"line":72,"column":94}}],"line":72},"8":{"loc":{"start":{"line":77,"column":18},"end":{"line":77,"column":null}},"type":"cond-expr","locations":[{"start":{"line":77,"column":43},"end":{"line":77,"column":59}},{"start":{"line":77,"column":59},"end":{"line":77,"column":null}}],"line":77}},"s":{"0":0,"1":0,"2":0,"3":0,"4":0,"5":0,"6":0,"7":0,"8":0,"9":0,"10":0,"11":0,"12":0,"13":0,"14":0,"15":0,"16":0,"17":0,"18":0,"19":0,"20":0,"21":0,"22":0,"23":0,"24":0,"25":0,"26":0,"27":0,"28":0,"29":0,"30":0,"31":0,"32":0,"33":0,"34":0,"35":0},"f":{"0":0,"1":0,"2":0,"3":0,"4":0,"5":0},"b":{"0":[0,0],"1":[0,0],"2":[0,0],"3":[0,0],"4":[0,0],"5":[0,0],"6":[0,0],"7":[0,0],"8":[0,0]},"meta":{"lastBranch":9,"lastFunction":6,"lastStatement":36,"seen":{"f:8:16:8:34":0,"s:9:2:82:Infinity":0,"f:12:13:12:14":1,"s:13:22:13:Infinity":1,"s:15:6:80:Infinity":2,"s:17:22:17:Infinity":3,"s:18:26:18:Infinity":4,"f:18:39:18:44":2,"s:18:44:18:61":5,"s:21:39:21:Infinity":6,"s:22:36:22:Infinity":7,"b:24:8:30:Infinity:undefined:undefined:undefined:undefined":0,"s:24:8:30:Infinity":8,"b:25:10:29:Infinity:27:17:29:Infinity":1,"s:25:10:29:Infinity":9,"b:25:14:25:37:25:37:25:54":2,"s:26:12:26:Infinity":10,"s:28:12:28:Infinity":11,"s:33:34:33:Infinity":12,"s:34:8:38:Infinity":13,"s:35:26:35:Infinity":14,"s:36:23:36:Infinity":15,"s:37:10:37:Infinity":16,"b:41:8:54:Infinity:undefined:undefined:undefined:undefined":3,"s:41:8:54:Infinity":17,"s:42:23:42:Infinity":18,"f:42:34:42:39":3,"s:42:39:42:54":19,"b:44:10:49:Infinity:undefined:undefined:undefined:undefined":4,"s:44:10:49:Infinity":20,"s:45:12:48:Infinity":21,"s:51:27:51:Infinity":22,"s:52:23:52:Infinity":23,"s:53:10:53:Infinity":24,"s:57:28:57:Infinity":25,"b:58:8:69:Infinity:undefined:undefined:undefined:undefined":5,"s:58:8:69:Infinity":26,"s:59:10:61:Infinity":27,"f:59:39:59:Infinity":4,"s:60:12:60:Infinity":28,"f:60:24:60:29":5,"s:60:29:60:72":29,"b:63:10:68:Infinity:undefined:undefined:undefined:undefined":6,"s:63:10:68:Infinity":30,"s:64:12:67:Infinity":31,"s:72:25:72:Infinity":32,"b:72:72:72:85:72:85:72:94":7,"s:73:21:73:Infinity":33,"s:74:8:74:Infinity":34,"s:76:8:79:Infinity":35,"b:77:43:77:59:77:59:77:Infinity":8}}}
,"/Users/darin/code/dc/dc.com/src/commands/local/contact.ts": {"path":"/Users/darin/code/dc/dc.com/src/commands/local/contact.ts","statementMap":{"0":{"start":{"line":6,"column":2},"end":{"line":21,"column":null}},"1":{"start":{"line":10,"column":6},"end":{"line":19,"column":null}},"2":{"start":{"line":11,"column":24},"end":{"line":11,"column":null}},"3":{"start":{"line":12,"column":21},"end":{"line":12,"column":null}},"4":{"start":{"line":13,"column":8},"end":{"line":13,"column":null}},"5":{"start":{"line":15,"column":8},"end":{"line":18,"column":null}}},"fnMap":{"0":{"name":"createContactCommand","decl":{"start":{"line":5,"column":16},"end":{"line":5,"column":37}},"loc":{"start":{"line":5,"column":62},"end":{"line":22,"column":null}},"line":5},"1":{"name":"(anonymous_1)","decl":{"start":{"line":9,"column":13},"end":{"line":9,"column":14}},"loc":{"start":{"line":9,"column":49},"end":{"line":20,"column":null}},"line":9}},"branchMap":{"0":{"loc":{"start":{"line":16,"column":18},"end":{"line":16,"column":null}},"type":"cond-expr","locations":[{"start":{"line":16,"column":43},"end":{"line":16,"column":59}},{"start":{"line":16,"column":59},"end":{"line":16,"column":null}}],"line":16}},"s":{"0":0,"1":0,"2":0,"3":0,"4":0,"5":0},"f":{"0":0,"1":0},"b":{"0":[0,0]},"meta":{"lastBranch":1,"lastFunction":2,"lastStatement":6,"seen":{"f:5:16:5:37":0,"s:6:2:21:Infinity":0,"f:9:13:9:14":1,"s:10:6:19:Infinity":1,"s:11:24:11:Infinity":2,"s:12:21:12:Infinity":3,"s:13:8:13:Infinity":4,"s:15:8:18:Infinity":5,"b:16:43:16:59:16:59:16:Infinity":0}}}
,"/Users/darin/code/dc/dc.com/src/commands/local/portfolio.ts": {"path":"/Users/darin/code/dc/dc.com/src/commands/local/portfolio.ts","statementMap":{"0":{"start":{"line":6,"column":41},"end":{"line":32,"column":null}},"1":{"start":{"line":10,"column":4},"end":{"line":25,"column":null}},"2":{"start":{"line":12,"column":24},"end":{"line":12,"column":null}},"3":{"start":{"line":13,"column":22},"end":{"line":13,"column":null}},"4":{"start":{"line":13,"column":46},"end":{"line":13,"column":64}},"5":{"start":{"line":15,"column":6},"end":{"line":20,"column":null}},"6":{"start":{"line":16,"column":8},"end":{"line":19,"column":null}},"7":{"start":{"line":22,"column":23},"end":{"line":22,"column":null}},"8":{"start":{"line":23,"column":19},"end":{"line":23,"column":null}},"9":{"start":{"line":24,"column":6},"end":{"line":24,"column":null}},"10":{"start":{"line":28,"column":21},"end":{"line":28,"column":null}},"11":{"start":{"line":29,"column":17},"end":{"line":29,"column":null}},"12":{"start":{"line":30,"column":4},"end":{"line":30,"column":null}}},"fnMap":{"0":{"name":"(anonymous_0)","decl":{"start":{"line":9,"column":11},"end":{"line":9,"column":12}},"loc":{"start":{"line":9,"column":47},"end":{"line":31,"column":null}},"line":9},"1":{"name":"(anonymous_1)","decl":{"start":{"line":13,"column":41},"end":{"line":13,"column":46}},"loc":{"start":{"line":13,"column":46},"end":{"line":13,"column":64}},"line":13}},"branchMap":{"0":{"loc":{"start":{"line":10,"column":4},"end":{"line":25,"column":null}},"type":"if","locations":[{"start":{"line":10,"column":4},"end":{"line":25,"column":null}},{"start":{},"end":{}}],"line":10},"1":{"loc":{"start":{"line":15,"column":6},"end":{"line":20,"column":null}},"type":"if","locations":[{"start":{"line":15,"column":6},"end":{"line":20,"column":null}},{"start":{},"end":{}}],"line":15}},"s":{"0":0,"1":0,"2":0,"3":0,"4":0,"5":0,"6":0,"7":0,"8":0,"9":0,"10":0,"11":0,"12":0},"f":{"0":0,"1":0},"b":{"0":[0,0],"1":[0,0]},"meta":{"lastBranch":2,"lastFunction":2,"lastStatement":13,"seen":{"s:6:41:32:Infinity":0,"f:9:11:9:12":0,"b:10:4:25:Infinity:undefined:undefined:undefined:undefined":0,"s:10:4:25:Infinity":1,"s:12:24:12:Infinity":2,"s:13:22:13:Infinity":3,"f:13:41:13:46":1,"s:13:46:13:64":4,"b:15:6:20:Infinity:undefined:undefined:undefined:undefined":1,"s:15:6:20:Infinity":5,"s:16:8:19:Infinity":6,"s:22:23:22:Infinity":7,"s:23:19:23:Infinity":8,"s:24:6:24:Infinity":9,"s:28:21:28:Infinity":10,"s:29:17:29:Infinity":11,"s:30:4:30:Infinity":12}}}
,"/Users/darin/code/dc/dc.com/src/commands/local/skills.ts": {"path":"/Users/darin/code/dc/dc.com/src/commands/local/skills.ts","statementMap":{"0":{"start":{"line":6,"column":2},"end":{"line":21,"column":null}},"1":{"start":{"line":10,"column":6},"end":{"line":19,"column":null}},"2":{"start":{"line":11,"column":24},"end":{"line":11,"column":null}},"3":{"start":{"line":12,"column":21},"end":{"line":12,"column":null}},"4":{"start":{"line":13,"column":8},"end":{"line":13,"column":null}},"5":{"start":{"line":15,"column":8},"end":{"line":18,"column":null}}},"fnMap":{"0":{"name":"createSkillsCommand","decl":{"start":{"line":5,"column":16},"end":{"line":5,"column":36}},"loc":{"start":{"line":5,"column":61},"end":{"line":22,"column":null}},"line":5},"1":{"name":"(anonymous_1)","decl":{"start":{"line":9,"column":13},"end":{"line":9,"column":14}},"loc":{"start":{"line":9,"column":49},"end":{"line":20,"column":null}},"line":9}},"branchMap":{"0":{"loc":{"start":{"line":16,"column":18},"end":{"line":16,"column":null}},"type":"cond-expr","locations":[{"start":{"line":16,"column":43},"end":{"line":16,"column":59}},{"start":{"line":16,"column":59},"end":{"line":16,"column":null}}],"line":16}},"s":{"0":0,"1":0,"2":0,"3":0,"4":0,"5":0},"f":{"0":0,"1":0},"b":{"0":[0,0]},"meta":{"lastBranch":1,"lastFunction":2,"lastStatement":6,"seen":{"f:5:16:5:36":0,"s:6:2:21:Infinity":0,"f:9:13:9:14":1,"s:10:6:19:Infinity":1,"s:11:24:11:Infinity":2,"s:12:21:12:Infinity":3,"s:13:8:13:Infinity":4,"s:15:8:18:Infinity":5,"b:16:43:16:59:16:59:16:Infinity":0}}}
,"/Users/darin/code/dc/dc.com/src/components/Header.ts": {"path":"/Users/darin/code/dc/dc.com/src/components/Header.ts","statementMap":{"0":{"start":{"line":7,"column":4},"end":{"line":7,"column":null}},"1":{"start":{"line":8,"column":4},"end":{"line":8,"column":null}},"2":{"start":{"line":12,"column":22},"end":{"line":12,"column":null}},"3":{"start":{"line":13,"column":20},"end":{"line":13,"column":null}},"4":{"start":{"line":15,"column":4},"end":{"line":20,"column":null}}},"fnMap":{"0":{"name":"(anonymous_0)","decl":{"start":{"line":6,"column":2},"end":{"line":6,"column":14}},"loc":{"start":{"line":6,"column":42},"end":{"line":9,"column":null}},"line":6},"1":{"name":"(anonymous_1)","decl":{"start":{"line":11,"column":10},"end":{"line":11,"column":25}},"loc":{"start":{"line":11,"column":25},"end":{"line":22,"column":null}},"line":11}},"branchMap":{},"s":{"0":0,"1":0,"2":0,"3":0,"4":0},"f":{"0":0,"1":0},"b":{},"meta":{"lastBranch":0,"lastFunction":2,"lastStatement":5,"seen":{"f:6:2:6:14":0,"s:7:4:7:Infinity":0,"s:8:4:8:Infinity":1,"f:11:10:11:25":1,"s:12:22:12:Infinity":2,"s:13:20:13:Infinity":3,"s:15:4:20:Infinity":4}}}
,"/Users/darin/code/dc/dc.com/src/components/Navigation.ts": {"path":"/Users/darin/code/dc/dc.com/src/components/Navigation.ts","statementMap":{"0":{"start":{"line":14,"column":4},"end":{"line":14,"column":null}},"1":{"start":{"line":15,"column":4},"end":{"line":15,"column":null}},"2":{"start":{"line":19,"column":4},"end":{"line":19,"column":null}},"3":{"start":{"line":21,"column":4},"end":{"line":32,"column":null}},"4":{"start":{"line":22,"column":19},"end":{"line":22,"column":null}},"5":{"start":{"line":23,"column":6},"end":{"line":23,"column":null}},"6":{"start":{"line":24,"column":6},"end":{"line":24,"column":null}},"7":{"start":{"line":25,"column":6},"end":{"line":25,"column":null}},"8":{"start":{"line":27,"column":6},"end":{"line":29,"column":null}},"9":{"start":{"line":28,"column":8},"end":{"line":28,"column":null}},"10":{"start":{"line":31,"column":6},"end":{"line":31,"column":null}},"11":{"start":{"line":36,"column":17},"end":{"line":36,"column":null}},"12":{"start":{"line":37,"column":4},"end":{"line":37,"column":null}},"13":{"start":{"line":38,"column":4},"end":{"line":38,"column":null}},"14":{"start":{"line":39,"column":4},"end":{"line":39,"column":null}},"15":{"start":{"line":41,"column":4},"end":{"line":43,"column":null}},"16":{"start":{"line":42,"column":6},"end":{"line":42,"column":null}},"17":{"start":{"line":45,"column":4},"end":{"line":45,"column":null}},"18":{"start":{"line":49,"column":4},"end":{"line":49,"column":null}}},"fnMap":{"0":{"name":"(anonymous_0)","decl":{"start":{"line":10,"column":2},"end":{"line":10,"column":null}},"loc":{"start":{"line":13,"column":4},"end":{"line":16,"column":null}},"line":13},"1":{"name":"(anonymous_1)","decl":{"start":{"line":18,"column":2},"end":{"line":18,"column":11}},"loc":{"start":{"line":18,"column":35},"end":{"line":33,"column":null}},"line":18},"2":{"name":"(anonymous_2)","decl":{"start":{"line":21,"column":18},"end":{"line":21,"column":26}},"loc":{"start":{"line":21,"column":26},"end":{"line":32,"column":5}},"line":21},"3":{"name":"(anonymous_3)","decl":{"start":{"line":27,"column":37},"end":{"line":27,"column":43}},"loc":{"start":{"line":27,"column":43},"end":{"line":29,"column":7}},"line":27},"4":{"name":"(anonymous_4)","decl":{"start":{"line":35,"column":2},"end":{"line":35,"column":10}},"loc":{"start":{"line":35,"column":31},"end":{"line":46,"column":null}},"line":35},"5":{"name":"(anonymous_5)","decl":{"start":{"line":41,"column":35},"end":{"line":41,"column":41}},"loc":{"start":{"line":41,"column":41},"end":{"line":43,"column":5}},"line":41},"6":{"name":"(anonymous_6)","decl":{"start":{"line":48,"column":2},"end":{"line":48,"column":16}},"loc":{"start":{"line":48,"column":16},"end":{"line":50,"column":null}},"line":48}},"branchMap":{},"s":{"0":0,"1":0,"2":0,"3":0,"4":0,"5":0,"6":0,"7":0,"8":0,"9":0,"10":0,"11":0,"12":0,"13":0,"14":0,"15":0,"16":0,"17":0,"18":0},"f":{"0":0,"1":0,"2":0,"3":0,"4":0,"5":0,"6":0},"b":{},"meta":{"lastBranch":0,"lastFunction":7,"lastStatement":19,"seen":{"f:10:2:10:Infinity":0,"s:14:4:14:Infinity":0,"s:15:4:15:Infinity":1,"f:18:2:18:11":1,"s:19:4:19:Infinity":2,"s:21:4:32:Infinity":3,"f:21:18:21:26":2,"s:22:19:22:Infinity":4,"s:23:6:23:Infinity":5,"s:24:6:24:Infinity":6,"s:25:6:25:Infinity":7,"s:27:6:29:Infinity":8,"f:27:37:27:43":3,"s:28:8:28:Infinity":9,"s:31:6:31:Infinity":10,"f:35:2:35:10":4,"s:36:17:36:Infinity":11,"s:37:4:37:Infinity":12,"s:38:4:38:Infinity":13,"s:39:4:39:Infinity":14,"s:41:4:43:Infinity":15,"f:41:35:41:41":5,"s:42:6:42:Infinity":16,"s:45:4:45:Infinity":17,"f:48:2:48:16":6,"s:49:4:49:Infinity":18}}}
,"/Users/darin/code/dc/dc.com/src/components/Terminal.ts": {"path":"/Users/darin/code/dc/dc.com/src/components/Terminal.ts","statementMap":{"0":{"start":{"line":12,"column":46},"end":{"line":12,"column":null}},"1":{"start":{"line":13,"column":29},"end":{"line":13,"column":null}},"2":{"start":{"line":14,"column":29},"end":{"line":14,"column":null}},"3":{"start":{"line":15,"column":32},"end":{"line":15,"column":null}},"4":{"start":{"line":18,"column":26},"end":{"line":18,"column":null}},"5":{"start":{"line":19,"column":25},"end":{"line":19,"column":null}},"6":{"start":{"line":20,"column":26},"end":{"line":20,"column":null}},"7":{"start":{"line":22,"column":4},"end":{"line":24,"column":null}},"8":{"start":{"line":23,"column":6},"end":{"line":23,"column":null}},"9":{"start":{"line":26,"column":4},"end":{"line":26,"column":null}},"10":{"start":{"line":27,"column":4},"end":{"line":27,"column":null}},"11":{"start":{"line":28,"column":4},"end":{"line":28,"column":null}},"12":{"start":{"line":30,"column":4},"end":{"line":30,"column":null}},"13":{"start":{"line":31,"column":4},"end":{"line":31,"column":null}},"14":{"start":{"line":32,"column":4},"end":{"line":32,"column":null}},"15":{"start":{"line":37,"column":4},"end":{"line":39,"column":null}},"16":{"start":{"line":38,"column":6},"end":{"line":38,"column":null}},"17":{"start":{"line":43,"column":4},"end":{"line":82,"column":null}},"18":{"start":{"line":44,"column":27},"end":{"line":44,"column":null}},"19":{"start":{"line":47,"column":6},"end":{"line":47,"column":null}},"20":{"start":{"line":50,"column":6},"end":{"line":50,"column":null}},"21":{"start":{"line":53,"column":6},"end":{"line":77,"column":null}},"22":{"start":{"line":55,"column":32},"end":{"line":55,"column":null}},"23":{"start":{"line":58,"column":23},"end":{"line":60,"column":null}},"24":{"start":{"line":63,"column":8},"end":{"line":76,"column":null}},"25":{"start":{"line":64,"column":10},"end":{"line":64,"column":null}},"26":{"start":{"line":65,"column":8},"end":{"line":76,"column":null}},"27":{"start":{"line":67,"column":10},"end":{"line":75,"column":null}},"28":{"start":{"line":68,"column":12},"end":{"line":68,"column":null}},"29":{"start":{"line":69,"column":10},"end":{"line":75,"column":null}},"30":{"start":{"line":71,"column":12},"end":{"line":71,"column":null}},"31":{"start":{"line":74,"column":12},"end":{"line":74,"column":null}},"32":{"start":{"line":80,"column":6},"end":{"line":80,"column":null}},"33":{"start":{"line":81,"column":6},"end":{"line":81,"column":null}},"34":{"start":{"line":86,"column":4},"end":{"line":86,"column":null}},"35":{"start":{"line":90,"column":4},"end":{"line":90,"column":null}},"36":{"start":{"line":94,"column":4},"end":{"line":94,"column":null}},"37":{"start":{"line":95,"column":4},"end":{"line":95,"column":null}},"38":{"start":{"line":99,"column":4},"end":{"line":99,"column":null}},"39":{"start":{"line":99,"column":28},"end":{"line":99,"column":53}},"40":{"start":{"line":103,"column":4},"end":{"line":103,"column":null}},"41":{"start":{"line":107,"column":4},"end":{"line":107,"column":null}},"42":{"start":{"line":108,"column":4},"end":{"line":108,"column":null}},"43":{"start":{"line":112,"column":4},"end":{"line":112,"column":null}},"44":{"start":{"line":116,"column":4},"end":{"line":116,"column":null}},"45":{"start":{"line":117,"column":4},"end":{"line":117,"column":null}},"46":{"start":{"line":121,"column":4},"end":{"line":121,"column":null}},"47":{"start":{"line":125,"column":4},"end":{"line":125,"column":null}},"48":{"start":{"line":129,"column":4},"end":{"line":129,"column":null}},"49":{"start":{"line":134,"column":4},"end":{"line":136,"column":null}},"50":{"start":{"line":135,"column":6},"end":{"line":135,"column":null}},"51":{"start":{"line":139,"column":4},"end":{"line":139,"column":null}},"52":{"start":{"line":142,"column":4},"end":{"line":142,"column":null}},"53":{"start":{"line":145,"column":4},"end":{"line":163,"column":null}},"54":{"start":{"line":147,"column":30},"end":{"line":147,"column":null}},"55":{"start":{"line":148,"column":21},"end":{"line":148,"column":null}},"56":{"start":{"line":151,"column":6},"end":{"line":162,"column":null}},"57":{"start":{"line":152,"column":8},"end":{"line":152,"column":null}},"58":{"start":{"line":153,"column":6},"end":{"line":162,"column":null}},"59":{"start":{"line":154,"column":8},"end":{"line":161,"column":null}},"60":{"start":{"line":155,"column":10},"end":{"line":155,"column":null}},"61":{"start":{"line":156,"column":8},"end":{"line":161,"column":null}},"62":{"start":{"line":158,"column":10},"end":{"line":158,"column":null}},"63":{"start":{"line":160,"column":10},"end":{"line":160,"column":null}},"64":{"start":{"line":166,"column":4},"end":{"line":166,"column":null}}},"fnMap":{"0":{"name":"(anonymous_0)","decl":{"start":{"line":17,"column":2},"end":{"line":17,"column":16}},"loc":{"start":{"line":17,"column":16},"end":{"line":33,"column":null}},"line":17},"1":{"name":"(anonymous_1)","decl":{"start":{"line":35,"column":10},"end":{"line":35,"column":28}},"loc":{"start":{"line":35,"column":62},"end":{"line":40,"column":null}},"line":35},"2":{"name":"(anonymous_2)","decl":{"start":{"line":37,"column":44},"end":{"line":37,"column":50}},"loc":{"start":{"line":37,"column":50},"end":{"line":39,"column":5}},"line":37},"3":{"name":"(anonymous_3)","decl":{"start":{"line":42,"column":10},"end":{"line":42,"column":36}},"loc":{"start":{"line":42,"column":36},"end":{"line":83,"column":null}},"line":42},"4":{"name":"(anonymous_4)","decl":{"start":{"line":43,"column":24},"end":{"line":43,"column":31}},"loc":{"start":{"line":43,"column":41},"end":{"line":82,"column":5}},"line":43},"5":{"name":"(anonymous_5)","decl":{"start":{"line":85,"column":10},"end":{"line":85,"column":36}},"loc":{"start":{"line":85,"column":36},"end":{"line":87,"column":null}},"line":85},"6":{"name":"(anonymous_6)","decl":{"start":{"line":89,"column":10},"end":{"line":89,"column":31}},"loc":{"start":{"line":89,"column":31},"end":{"line":91,"column":null}},"line":89},"7":{"name":"(anonymous_7)","decl":{"start":{"line":93,"column":2},"end":{"line":93,"column":18}},"loc":{"start":{"line":93,"column":42},"end":{"line":96,"column":null}},"line":93},"8":{"name":"(anonymous_8)","decl":{"start":{"line":98,"column":2},"end":{"line":98,"column":19}},"loc":{"start":{"line":98,"column":46},"end":{"line":100,"column":null}},"line":98},"9":{"name":"(anonymous_9)","decl":{"start":{"line":99,"column":21},"end":{"line":99,"column":28}},"loc":{"start":{"line":99,"column":28},"end":{"line":99,"column":53}},"line":99},"10":{"name":"(anonymous_10)","decl":{"start":{"line":102,"column":2},"end":{"line":102,"column":15}},"loc":{"start":{"line":102,"column":38},"end":{"line":104,"column":null}},"line":102},"11":{"name":"(anonymous_11)","decl":{"start":{"line":106,"column":2},"end":{"line":106,"column":14}},"loc":{"start":{"line":106,"column":38},"end":{"line":109,"column":null}},"line":106},"12":{"name":"(anonymous_12)","decl":{"start":{"line":111,"column":2},"end":{"line":111,"column":24}},"loc":{"start":{"line":111,"column":24},"end":{"line":113,"column":null}},"line":111},"13":{"name":"(anonymous_13)","decl":{"start":{"line":115,"column":2},"end":{"line":115,"column":17}},"loc":{"start":{"line":115,"column":37},"end":{"line":118,"column":null}},"line":115},"14":{"name":"(anonymous_14)","decl":{"start":{"line":120,"column":2},"end":{"line":120,"column":16}},"loc":{"start":{"line":120,"column":16},"end":{"line":122,"column":null}},"line":120},"15":{"name":"(anonymous_15)","decl":{"start":{"line":124,"column":2},"end":{"line":124,"column":28}},"loc":{"start":{"line":124,"column":28},"end":{"line":126,"column":null}},"line":124},"16":{"name":"(anonymous_16)","decl":{"start":{"line":128,"column":2},"end":{"line":128,"column":18}},"loc":{"start":{"line":128,"column":52},"end":{"line":130,"column":null}},"line":128},"17":{"name":"(anonymous_17)","decl":{"start":{"line":132,"column":8},"end":{"line":132,"column":23}},"loc":{"start":{"line":132,"column":84},"end":{"line":167,"column":null}},"line":132}},"branchMap":{"0":{"loc":{"start":{"line":22,"column":4},"end":{"line":24,"column":null}},"type":"if","locations":[{"start":{"line":22,"column":4},"end":{"line":24,"column":null}},{"start":{},"end":{}}],"line":22},"1":{"loc":{"start":{"line":22,"column":8},"end":{"line":22,"column":59}},"type":"binary-expr","locations":[{"start":{"line":22,"column":8},"end":{"line":22,"column":26}},{"start":{"line":22,"column":26},"end":{"line":22,"column":43}},{"start":{"line":22,"column":43},"end":{"line":22,"column":59}}],"line":22},"2":{"loc":{"start":{"line":53,"column":6},"end":{"line":77,"column":null}},"type":"if","locations":[{"start":{"line":53,"column":6},"end":{"line":77,"column":null}},{"start":{},"end":{}}],"line":53},"3":{"loc":{"start":{"line":55,"column":32},"end":{"line":55,"column":null}},"type":"cond-expr","locations":[{"start":{"line":55,"column":52},"end":{"line":55,"column":94}},{"start":{"line":55,"column":94},"end":{"line":55,"column":null}}],"line":55},"4":{"loc":{"start":{"line":58,"column":23},"end":{"line":60,"column":null}},"type":"cond-expr","locations":[{"start":{"line":59,"column":12},"end":{"line":59,"column":null}},{"start":{"line":60,"column":12},"end":{"line":60,"column":null}}],"line":58},"5":{"loc":{"start":{"line":63,"column":8},"end":{"line":76,"column":null}},"type":"if","locations":[{"start":{"line":63,"column":8},"end":{"line":76,"column":null}},{"start":{"line":65,"column":8},"end":{"line":76,"column":null}}],"line":63},"6":{"loc":{"start":{"line":65,"column":8},"end":{"line":76,"column":null}},"type":"if","locations":[{"start":{"line":65,"column":8},"end":{"line":76,"column":null}},{"start":{},"end":{}}],"line":65},"7":{"loc":{"start":{"line":65,"column":19},"end":{"line":65,"column":49}},"type":"binary-expr","locations":[{"start":{"line":65,"column":19},"end":{"line":65,"column":36}},{"start":{"line":65,"column":36},"end":{"line":65,"column":49}}],"line":65},"8":{"loc":{"start":{"line":67,"column":10},"end":{"line":75,"column":null}},"type":"if","locations":[{"start":{"line":67,"column":10},"end":{"line":75,"column":null}},{"start":{"line":69,"column":10},"end":{"line":75,"column":null}}],"line":67},"9":{"loc":{"start":{"line":69,"column":10},"end":{"line":75,"column":null}},"type":"if","locations":[{"start":{"line":69,"column":10},"end":{"line":75,"column":null}},{"start":{"line":72,"column":17},"end":{"line":75,"column":null}}],"line":69},"10":{"loc":{"start":{"line":132,"column":40},"end":{"line":132,"column":84}},"type":"default-arg","locations":[{"start":{"line":132,"column":62},"end":{"line":132,"column":84}}],"line":132},"11":{"loc":{"start":{"line":134,"column":4},"end":{"line":136,"column":null}},"type":"if","locations":[{"start":{"line":134,"column":4},"end":{"line":136,"column":null}},{"start":{},"end":{}}],"line":134},"12":{"loc":{"start":{"line":145,"column":4},"end":{"line":163,"column":null}},"type":"if","locations":[{"start":{"line":145,"column":4},"end":{"line":163,"column":null}},{"start":{},"end":{}}],"line":145},"13":{"loc":{"start":{"line":147,"column":30},"end":{"line":147,"column":null}},"type":"cond-expr","locations":[{"start":{"line":147,"column":50},"end":{"line":147,"column":87}},{"start":{"line":147,"column":87},"end":{"line":147,"column":null}}],"line":147},"14":{"loc":{"start":{"line":151,"column":6},"end":{"line":162,"column":null}},"type":"if","locations":[{"start":{"line":151,"column":6},"end":{"line":162,"column":null}},{"start":{"line":153,"column":6},"end":{"line":162,"column":null}}],"line":151},"15":{"loc":{"start":{"line":153,"column":6},"end":{"line":162,"column":null}},"type":"if","locations":[{"start":{"line":153,"column":6},"end":{"line":162,"column":null}},{"start":{},"end":{}}],"line":153},"16":{"loc":{"start":{"line":154,"column":8},"end":{"line":161,"column":null}},"type":"if","locations":[{"start":{"line":154,"column":8},"end":{"line":161,"column":null}},{"start":{"line":156,"column":8},"end":{"line":161,"column":null}}],"line":154},"17":{"loc":{"start":{"line":156,"column":8},"end":{"line":161,"column":null}},"type":"if","locations":[{"start":{"line":156,"column":8},"end":{"line":161,"column":null}},{"start":{"line":159,"column":15},"end":{"line":161,"column":null}}],"line":156}},"s":{"0":0,"1":0,"2":0,"3":0,"4":0,"5":0,"6":0,"7":0,"8":0,"9":0,"10":0,"11":0,"12":0,"13":0,"14":0,"15":0,"16":0,"17":0,"18":0,"19":0,"20":0,"21":0,"22":0,"23":0,"24":0,"25":0,"26":0,"27":0,"28":0,"29":0,"30":0,"31":0,"32":0,"33":0,"34":0,"35":0,"36":0,"37":0,"38":0,"39":0,"40":0,"41":0,"42":0,"43":0,"44":0,"45":0,"46":0,"47":0,"48":0,"49":0,"50":0,"51":0,"52":0,"53":0,"54":0,"55":0,"56":0,"57":0,"58":0,"59":0,"60":0,"61":0,"62":0,"63":0,"64":0},"f":{"0":0,"1":0,"2":0,"3":0,"4":0,"5":0,"6":0,"7":0,"8":0,"9":0,"10":0,"11":0,"12":0,"13":0,"14":0,"15":0,"16":0,"17":0},"b":{"0":[0,0],"1":[0,0,0],"2":[0,0],"3":[0,0],"4":[0,0],"5":[0,0],"6":[0,0],"7":[0,0],"8":[0,0],"9":[0,0],"10":[0],"11":[0,0],"12":[0,0],"13":[0,0],"14":[0,0],"15":[0,0],"16":[0,0],"17":[0,0]},"meta":{"lastBranch":18,"lastFunction":18,"lastStatement":65,"seen":{"s:12:46:12:Infinity":0,"s:13:29:13:Infinity":1,"s:14:29:14:Infinity":2,"s:15:32:15:Infinity":3,"f:17:2:17:16":0,"s:18:26:18:Infinity":4,"s:19:25:19:Infinity":5,"s:20:26:20:Infinity":6,"b:22:4:24:Infinity:undefined:undefined:undefined:undefined":0,"s:22:4:24:Infinity":7,"b:22:8:22:26:22:26:22:43:22:43:22:59":1,"s:23:6:23:Infinity":8,"s:26:4:26:Infinity":9,"s:27:4:27:Infinity":10,"s:28:4:28:Infinity":11,"s:30:4:30:Infinity":12,"s:31:4:31:Infinity":13,"s:32:4:32:Infinity":14,"f:35:10:35:28":1,"s:37:4:39:Infinity":15,"f:37:44:37:50":2,"s:38:6:38:Infinity":16,"f:42:10:42:36":3,"s:43:4:82:Infinity":17,"f:43:24:43:31":4,"s:44:27:44:Infinity":18,"s:47:6:47:Infinity":19,"s:50:6:50:Infinity":20,"b:53:6:77:Infinity:undefined:undefined:undefined:undefined":2,"s:53:6:77:Infinity":21,"s:55:32:55:Infinity":22,"b:55:52:55:94:55:94:55:Infinity":3,"s:58:23:60:Infinity":23,"b:59:12:59:Infinity:60:12:60:Infinity":4,"b:63:8:76:Infinity:65:8:76:Infinity":5,"s:63:8:76:Infinity":24,"s:64:10:64:Infinity":25,"b:65:8:76:Infinity:undefined:undefined:undefined:undefined":6,"s:65:8:76:Infinity":26,"b:65:19:65:36:65:36:65:49":7,"b:67:10:75:Infinity:69:10:75:Infinity":8,"s:67:10:75:Infinity":27,"s:68:12:68:Infinity":28,"b:69:10:75:Infinity:72:17:75:Infinity":9,"s:69:10:75:Infinity":29,"s:71:12:71:Infinity":30,"s:74:12:74:Infinity":31,"s:80:6:80:Infinity":32,"s:81:6:81:Infinity":33,"f:85:10:85:36":5,"s:86:4:86:Infinity":34,"f:89:10:89:31":6,"s:90:4:90:Infinity":35,"f:93:2:93:18":7,"s:94:4:94:Infinity":36,"s:95:4:95:Infinity":37,"f:98:2:98:19":8,"s:99:4:99:Infinity":38,"f:99:21:99:28":9,"s:99:28:99:53":39,"f:102:2:102:15":10,"s:103:4:103:Infinity":40,"f:106:2:106:14":11,"s:107:4:107:Infinity":41,"s:108:4:108:Infinity":42,"f:111:2:111:24":12,"s:112:4:112:Infinity":43,"f:115:2:115:17":13,"s:116:4:116:Infinity":44,"s:117:4:117:Infinity":45,"f:120:2:120:16":14,"s:121:4:121:Infinity":46,"f:124:2:124:28":15,"s:125:4:125:Infinity":47,"f:128:2:128:18":16,"s:129:4:129:Infinity":48,"f:132:8:132:23":17,"b:132:62:132:84":10,"b:134:4:136:Infinity:undefined:undefined:undefined:undefined":11,"s:134:4:136:Infinity":49,"s:135:6:135:Infinity":50,"s:139:4:139:Infinity":51,"s:142:4:142:Infinity":52,"b:145:4:163:Infinity:undefined:undefined:undefined:undefined":12,"s:145:4:163:Infinity":53,"s:147:30:147:Infinity":54,"b:147:50:147:87:147:87:147:Infinity":13,"s:148:21:148:Infinity":55,"b:151:6:162:Infinity:153:6:162:Infinity":14,"s:151:6:162:Infinity":56,"s:152:8:152:Infinity":57,"b:153:6:162:Infinity:undefined:undefined:undefined:undefined":15,"s:153:6:162:Infinity":58,"b:154:8:161:Infinity:156:8:161:Infinity":16,"s:154:8:161:Infinity":59,"s:155:10:155:Infinity":60,"b:156:8:161:Infinity:159:15:161:Infinity":17,"s:156:8:161:Infinity":61,"s:158:10:158:Infinity":62,"s:160:10:160:Infinity":63,"s:166:4:166:Infinity":64}}}
,"/Users/darin/code/dc/dc.com/src/components/TerminalInput.ts": {"path":"/Users/darin/code/dc/dc.com/src/components/TerminalInput.ts","statementMap":{"0":{"start":{"line":4,"column":30},"end":{"line":4,"column":null}},"1":{"start":{"line":5,"column":33},"end":{"line":5,"column":null}},"2":{"start":{"line":6,"column":33},"end":{"line":6,"column":null}},"3":{"start":{"line":7,"column":40},"end":{"line":7,"column":null}},"4":{"start":{"line":10,"column":4},"end":{"line":10,"column":null}},"5":{"start":{"line":11,"column":4},"end":{"line":11,"column":null}},"6":{"start":{"line":12,"column":4},"end":{"line":12,"column":null}},"7":{"start":{"line":16,"column":4},"end":{"line":16,"column":null}},"8":{"start":{"line":16,"column":57},"end":{"line":16,"column":78}},"9":{"start":{"line":20,"column":4},"end":{"line":33,"column":null}},"10":{"start":{"line":22,"column":8},"end":{"line":22,"column":null}},"11":{"start":{"line":23,"column":8},"end":{"line":23,"column":null}},"12":{"start":{"line":24,"column":8},"end":{"line":24,"column":null}},"13":{"start":{"line":26,"column":8},"end":{"line":26,"column":null}},"14":{"start":{"line":27,"column":8},"end":{"line":27,"column":null}},"15":{"start":{"line":28,"column":8},"end":{"line":28,"column":null}},"16":{"start":{"line":30,"column":8},"end":{"line":30,"column":null}},"17":{"start":{"line":31,"column":8},"end":{"line":31,"column":null}},"18":{"start":{"line":32,"column":8},"end":{"line":32,"column":null}},"19":{"start":{"line":37,"column":4},"end":{"line":37,"column":null}},"20":{"start":{"line":37,"column":35},"end":{"line":37,"column":null}},"21":{"start":{"line":39,"column":4},"end":{"line":41,"column":null}},"22":{"start":{"line":40,"column":6},"end":{"line":40,"column":null}},"23":{"start":{"line":43,"column":4},"end":{"line":56,"column":null}},"24":{"start":{"line":44,"column":6},"end":{"line":47,"column":null}},"25":{"start":{"line":45,"column":8},"end":{"line":45,"column":null}},"26":{"start":{"line":46,"column":8},"end":{"line":46,"column":null}},"27":{"start":{"line":49,"column":6},"end":{"line":55,"column":null}},"28":{"start":{"line":50,"column":8},"end":{"line":50,"column":null}},"29":{"start":{"line":51,"column":8},"end":{"line":51,"column":null}},"30":{"start":{"line":52,"column":6},"end":{"line":55,"column":null}},"31":{"start":{"line":53,"column":8},"end":{"line":53,"column":null}},"32":{"start":{"line":54,"column":8},"end":{"line":54,"column":null}},"33":{"start":{"line":60,"column":18},"end":{"line":60,"column":null}},"34":{"start":{"line":61,"column":4},"end":{"line":61,"column":null}},"35":{"start":{"line":61,"column":16},"end":{"line":61,"column":null}},"36":{"start":{"line":63,"column":20},"end":{"line":65,"column":null}},"37":{"start":{"line":64,"column":6},"end":{"line":64,"column":null}},"38":{"start":{"line":67,"column":4},"end":{"line":75,"column":null}},"39":{"start":{"line":68,"column":6},"end":{"line":68,"column":null}},"40":{"start":{"line":69,"column":4},"end":{"line":75,"column":null}},"41":{"start":{"line":71,"column":27},"end":{"line":71,"column":null}},"42":{"start":{"line":72,"column":6},"end":{"line":74,"column":null}},"43":{"start":{"line":73,"column":8},"end":{"line":73,"column":null}},"44":{"start":{"line":79,"column":4},"end":{"line":79,"column":null}},"45":{"start":{"line":79,"column":30},"end":{"line":79,"column":null}},"46":{"start":{"line":80,"column":4},"end":{"line":80,"column":null}},"47":{"start":{"line":80,"column":30},"end":{"line":80,"column":null}},"48":{"start":{"line":82,"column":17},"end":{"line":82,"column":null}},"49":{"start":{"line":83,"column":4},"end":{"line":88,"column":null}},"50":{"start":{"line":83,"column":17},"end":{"line":83,"column":20}},"51":{"start":{"line":84,"column":6},"end":{"line":87,"column":null}},"52":{"start":{"line":85,"column":8},"end":{"line":85,"column":null}},"53":{"start":{"line":86,"column":8},"end":{"line":86,"column":null}},"54":{"start":{"line":86,"column":27},"end":{"line":86,"column":null}},"55":{"start":{"line":89,"column":4},"end":{"line":89,"column":null}},"56":{"start":{"line":93,"column":4},"end":{"line":97,"column":null}},"57":{"start":{"line":94,"column":6},"end":{"line":94,"column":null}},"58":{"start":{"line":95,"column":6},"end":{"line":95,"column":null}},"59":{"start":{"line":96,"column":6},"end":{"line":96,"column":null}},"60":{"start":{"line":101,"column":4},"end":{"line":101,"column":null}},"61":{"start":{"line":105,"column":4},"end":{"line":105,"column":null}},"62":{"start":{"line":106,"column":4},"end":{"line":106,"column":null}},"63":{"start":{"line":107,"column":4},"end":{"line":107,"column":null}},"64":{"start":{"line":111,"column":4},"end":{"line":111,"column":null}},"65":{"start":{"line":115,"column":4},"end":{"line":115,"column":null}},"66":{"start":{"line":119,"column":4},"end":{"line":119,"column":null}},"67":{"start":{"line":123,"column":4},"end":{"line":123,"column":null}},"68":{"start":{"line":127,"column":4},"end":{"line":132,"column":null}},"69":{"start":{"line":128,"column":6},"end":{"line":131,"column":null}},"70":{"start":{"line":129,"column":22},"end":{"line":129,"column":null}},"71":{"start":{"line":130,"column":8},"end":{"line":130,"column":null}}},"fnMap":{"0":{"name":"(anonymous_0)","decl":{"start":{"line":9,"column":2},"end":{"line":9,"column":14}},"loc":{"start":{"line":9,"column":74},"end":{"line":13,"column":null}},"line":9},"1":{"name":"(anonymous_1)","decl":{"start":{"line":15,"column":10},"end":{"line":15,"column":38}},"loc":{"start":{"line":15,"column":38},"end":{"line":17,"column":null}},"line":15},"2":{"name":"(anonymous_2)","decl":{"start":{"line":16,"column":50},"end":{"line":16,"column":51}},"loc":{"start":{"line":16,"column":57},"end":{"line":16,"column":78}},"line":16},"3":{"name":"(anonymous_3)","decl":{"start":{"line":19,"column":10},"end":{"line":19,"column":24}},"loc":{"start":{"line":19,"column":48},"end":{"line":34,"column":null}},"line":19},"4":{"name":"(anonymous_4)","decl":{"start":{"line":36,"column":10},"end":{"line":36,"column":26}},"loc":{"start":{"line":36,"column":58},"end":{"line":57,"column":null}},"line":36},"5":{"name":"(anonymous_5)","decl":{"start":{"line":59,"column":10},"end":{"line":59,"column":38}},"loc":{"start":{"line":59,"column":38},"end":{"line":76,"column":null}},"line":59},"6":{"name":"(anonymous_6)","decl":{"start":{"line":63,"column":50},"end":{"line":63,"column":null}},"loc":{"start":{"line":64,"column":6},"end":{"line":64,"column":null}},"line":64},"7":{"name":"(anonymous_7)","decl":{"start":{"line":78,"column":10},"end":{"line":78,"column":27}},"loc":{"start":{"line":78,"column":54},"end":{"line":90,"column":null}},"line":78},"8":{"name":"(anonymous_8)","decl":{"start":{"line":92,"column":2},"end":{"line":92,"column":15}},"loc":{"start":{"line":92,"column":38},"end":{"line":98,"column":null}},"line":92},"9":{"name":"(anonymous_9)","decl":{"start":{"line":100,"column":2},"end":{"line":100,"column":21}},"loc":{"start":{"line":100,"column":21},"end":{"line":102,"column":null}},"line":100},"10":{"name":"(anonymous_10)","decl":{"start":{"line":104,"column":2},"end":{"line":104,"column":16}},"loc":{"start":{"line":104,"column":16},"end":{"line":108,"column":null}},"line":104},"11":{"name":"(anonymous_11)","decl":{"start":{"line":110,"column":2},"end":{"line":110,"column":16}},"loc":{"start":{"line":110,"column":16},"end":{"line":112,"column":null}},"line":110},"12":{"name":"(anonymous_12)","decl":{"start":{"line":114,"column":2},"end":{"line":114,"column":12}},"loc":{"start":{"line":114,"column":34},"end":{"line":116,"column":null}},"line":114},"13":{"name":"(anonymous_13)","decl":{"start":{"line":118,"column":2},"end":{"line":118,"column":23}},"loc":{"start":{"line":118,"column":49},"end":{"line":120,"column":null}},"line":118},"14":{"name":"(anonymous_14)","decl":{"start":{"line":122,"column":2},"end":{"line":122,"column":25}},"loc":{"start":{"line":122,"column":25},"end":{"line":124,"column":null}},"line":122},"15":{"name":"(anonymous_15)","decl":{"start":{"line":126,"column":2},"end":{"line":126,"column":11}},"loc":{"start":{"line":126,"column":52},"end":{"line":133,"column":null}},"line":126},"16":{"name":"(anonymous_16)","decl":{"start":{"line":127,"column":50},"end":{"line":127,"column":51}},"loc":{"start":{"line":127,"column":57},"end":{"line":132,"column":5}},"line":127}},"branchMap":{"0":{"loc":{"start":{"line":20,"column":4},"end":{"line":33,"column":null}},"type":"switch","locations":[{"start":{"line":21,"column":6},"end":{"line":24,"column":null}},{"start":{"line":25,"column":6},"end":{"line":28,"column":null}},{"start":{"line":29,"column":6},"end":{"line":32,"column":null}}],"line":20},"1":{"loc":{"start":{"line":37,"column":4},"end":{"line":37,"column":null}},"type":"if","locations":[{"start":{"line":37,"column":4},"end":{"line":37,"column":null}},{"start":{},"end":{}}],"line":37},"2":{"loc":{"start":{"line":39,"column":4},"end":{"line":41,"column":null}},"type":"if","locations":[{"start":{"line":39,"column":4},"end":{"line":41,"column":null}},{"start":{},"end":{}}],"line":39},"3":{"loc":{"start":{"line":43,"column":4},"end":{"line":56,"column":null}},"type":"if","locations":[{"start":{"line":43,"column":4},"end":{"line":56,"column":null}},{"start":{"line":48,"column":11},"end":{"line":56,"column":null}}],"line":43},"4":{"loc":{"start":{"line":44,"column":6},"end":{"line":47,"column":null}},"type":"if","locations":[{"start":{"line":44,"column":6},"end":{"line":47,"column":null}},{"start":{},"end":{}}],"line":44},"5":{"loc":{"start":{"line":49,"column":6},"end":{"line":55,"column":null}},"type":"if","locations":[{"start":{"line":49,"column":6},"end":{"line":55,"column":null}},{"start":{"line":52,"column":6},"end":{"line":55,"column":null}}],"line":49},"6":{"loc":{"start":{"line":52,"column":6},"end":{"line":55,"column":null}},"type":"if","locations":[{"start":{"line":52,"column":6},"end":{"line":55,"column":null}},{"start":{},"end":{}}],"line":52},"7":{"loc":{"start":{"line":61,"column":4},"end":{"line":61,"column":null}},"type":"if","locations":[{"start":{"line":61,"column":4},"end":{"line":61,"column":null}},{"start":{},"end":{}}],"line":61},"8":{"loc":{"start":{"line":67,"column":4},"end":{"line":75,"column":null}},"type":"if","locations":[{"start":{"line":67,"column":4},"end":{"line":75,"column":null}},{"start":{"line":69,"column":4},"end":{"line":75,"column":null}}],"line":67},"9":{"loc":{"start":{"line":69,"column":4},"end":{"line":75,"column":null}},"type":"if","locations":[{"start":{"line":69,"column":4},"end":{"line":75,"column":null}},{"start":{},"end":{}}],"line":69},"10":{"loc":{"start":{"line":72,"column":6},"end":{"line":74,"column":null}},"type":"if","locations":[{"start":{"line":72,"column":6},"end":{"line":74,"column":null}},{"start":{},"end":{}}],"line":72},"11":{"loc":{"start":{"line":79,"column":4},"end":{"line":79,"column":null}},"type":"if","locations":[{"start":{"line":79,"column":4},"end":{"line":79,"column":null}},{"start":{},"end":{}}],"line":79},"12":{"loc":{"start":{"line":80,"column":4},"end":{"line":80,"column":null}},"type":"if","locations":[{"start":{"line":80,"column":4},"end":{"line":80,"column":null}},{"start":{},"end":{}}],"line":80},"13":{"loc":{"start":{"line":86,"column":8},"end":{"line":86,"column":null}},"type":"if","locations":[{"start":{"line":86,"column":8},"end":{"line":86,"column":null}},{"start":{},"end":{}}],"line":86},"14":{"loc":{"start":{"line":93,"column":4},"end":{"line":97,"column":null}},"type":"if","locations":[{"start":{"line":93,"column":4},"end":{"line":97,"column":null}},{"start":{},"end":{}}],"line":93},"15":{"loc":{"start":{"line":128,"column":6},"end":{"line":131,"column":null}},"type":"if","locations":[{"start":{"line":128,"column":6},"end":{"line":131,"column":null}},{"start":{},"end":{}}],"line":128}},"s":{"0":0,"1":0,"2":0,"3":0,"4":0,"5":0,"6":0,"7":0,"8":0,"9":0,"10":0,"11":0,"12":0,"13":0,"14":0,"15":0,"16":0,"17":0,"18":0,"19":0,"20":0,"21":0,"22":0,"23":0,"24":0,"25":0,"26":0,"27":0,"28":0,"29":0,"30":0,"31":0,"32":0,"33":0,"34":0,"35":0,"36":0,"37":0,"38":0,"39":0,"40":0,"41":0,"42":0,"43":0,"44":0,"45":0,"46":0,"47":0,"48":0,"49":0,"50":0,"51":0,"52":0,"53":0,"54":0,"55":0,"56":0,"57":0,"58":0,"59":0,"60":0,"61":0,"62":0,"63":0,"64":0,"65":0,"66":0,"67":0,"68":0,"69":0,"70":0,"71":0},"f":{"0":0,"1":0,"2":0,"3":0,"4":0,"5":0,"6":0,"7":0,"8":0,"9":0,"10":0,"11":0,"12":0,"13":0,"14":0,"15":0,"16":0},"b":{"0":[0,0,0],"1":[0,0],"2":[0,0],"3":[0,0],"4":[0,0],"5":[0,0],"6":[0,0],"7":[0,0],"8":[0,0],"9":[0,0],"10":[0,0],"11":[0,0],"12":[0,0],"13":[0,0],"14":[0,0],"15":[0,0]},"meta":{"lastBranch":16,"lastFunction":17,"lastStatement":72,"seen":{"s:4:30:4:Infinity":0,"s:5:33:5:Infinity":1,"s:6:33:6:Infinity":2,"s:7:40:7:Infinity":3,"f:9:2:9:14":0,"s:10:4:10:Infinity":4,"s:11:4:11:Infinity":5,"s:12:4:12:Infinity":6,"f:15:10:15:38":1,"s:16:4:16:Infinity":7,"f:16:50:16:51":2,"s:16:57:16:78":8,"f:19:10:19:24":3,"b:21:6:24:Infinity:25:6:28:Infinity:29:6:32:Infinity":0,"s:20:4:33:Infinity":9,"s:22:8:22:Infinity":10,"s:23:8:23:Infinity":11,"s:24:8:24:Infinity":12,"s:26:8:26:Infinity":13,"s:27:8:27:Infinity":14,"s:28:8:28:Infinity":15,"s:30:8:30:Infinity":16,"s:31:8:31:Infinity":17,"s:32:8:32:Infinity":18,"f:36:10:36:26":4,"b:37:4:37:Infinity:undefined:undefined:undefined:undefined":1,"s:37:4:37:Infinity":19,"s:37:35:37:Infinity":20,"b:39:4:41:Infinity:undefined:undefined:undefined:undefined":2,"s:39:4:41:Infinity":21,"s:40:6:40:Infinity":22,"b:43:4:56:Infinity:48:11:56:Infinity":3,"s:43:4:56:Infinity":23,"b:44:6:47:Infinity:undefined:undefined:undefined:undefined":4,"s:44:6:47:Infinity":24,"s:45:8:45:Infinity":25,"s:46:8:46:Infinity":26,"b:49:6:55:Infinity:52:6:55:Infinity":5,"s:49:6:55:Infinity":27,"s:50:8:50:Infinity":28,"s:51:8:51:Infinity":29,"b:52:6:55:Infinity:undefined:undefined:undefined:undefined":6,"s:52:6:55:Infinity":30,"s:53:8:53:Infinity":31,"s:54:8:54:Infinity":32,"f:59:10:59:38":5,"s:60:18:60:Infinity":33,"b:61:4:61:Infinity:undefined:undefined:undefined:undefined":7,"s:61:4:61:Infinity":34,"s:61:16:61:Infinity":35,"s:63:20:65:Infinity":36,"f:63:50:63:Infinity":6,"s:64:6:64:Infinity":37,"b:67:4:75:Infinity:69:4:75:Infinity":8,"s:67:4:75:Infinity":38,"s:68:6:68:Infinity":39,"b:69:4:75:Infinity:undefined:undefined:undefined:undefined":9,"s:69:4:75:Infinity":40,"s:71:27:71:Infinity":41,"b:72:6:74:Infinity:undefined:undefined:undefined:undefined":10,"s:72:6:74:Infinity":42,"s:73:8:73:Infinity":43,"f:78:10:78:27":7,"b:79:4:79:Infinity:undefined:undefined:undefined:undefined":11,"s:79:4:79:Infinity":44,"s:79:30:79:Infinity":45,"b:80:4:80:Infinity:undefined:undefined:undefined:undefined":12,"s:80:4:80:Infinity":46,"s:80:30:80:Infi
[...]
51,"column":2},"end":{"line":51,"column":25}},"loc":{"start":{"line":51,"column":25},"end":{"line":59,"column":null}},"line":51},"10":{"name":"(anonymous_10)","decl":{"start":{"line":54,"column":13},"end":{"line":54,"column":21}},"loc":{"start":{"line":54,"column":21},"end":{"line":54,"column":42}},"line":54},"11":{"name":"(anonymous_11)","decl":{"start":{"line":61,"column":10},"end":{"line":61,"column":21}},"loc":{"start":{"line":61,"column":43},"end":{"line":68,"column":null}},"line":61}},"branchMap":{"0":{"loc":{"start":{"line":38,"column":4},"end":{"line":43,"column":null}},"type":"if","locations":[{"start":{"line":38,"column":4},"end":{"line":43,"column":null}},{"start":{},"end":{}}],"line":38},"1":{"loc":{"start":{"line":38,"column":8},"end":{"line":38,"column":52}},"type":"binary-expr","locations":[{"start":{"line":38,"column":8},"end":{"line":38,"column":37}},{"start":{"line":38,"column":37},"end":{"line":38,"column":52}}],"line":38},"2":{"loc":{"start":{"line":52,"column":4},"end":{"line":58,"column":null}},"type":"if","locations":[{"start":{"line":52,"column":4},"end":{"line":58,"column":null}},{"start":{},"end":{}}],"line":52}},"s":{"0":0,"1":0,"2":0,"3":0,"4":0,"5":0,"6":0,"7":0,"8":0,"9":0,"10":0,"11":0,"12":0,"13":0,"14":0,"15":0,"16":0,"17":0,"18":0,"19":0,"20":0,"21":0,"22":0,"23":0},"f":{"0":0,"1":0,"2":0,"3":0,"4":0,"5":0,"6":0,"7":0,"8":0,"9":0,"10":0,"11":0},"b":{"0":[0,0],"1":[0,0],"2":[0,0]},"meta":{"lastBranch":3,"lastFunction":12,"lastStatement":24,"seen":{"s:2:32:2:Infinity":0,"s:3:52:3:Infinity":1,"s:4:41:4:Infinity":2,"s:5:32:5:Infinity":3,"s:6:37:6:Infinity":4,"f:8:2:8:10":0,"s:9:4:9:Infinity":5,"f:12:2:12:20":1,"s:13:4:13:Infinity":6,"f:16:2:16:11":2,"s:17:4:17:Infinity":7,"f:20:2:20:21":3,"s:21:4:21:Infinity":8,"f:25:2:25:14":4,"s:26:4:26:Infinity":9,"f:29:2:29:36":5,"s:30:4:30:Infinity":10,"f:33:2:33:14":6,"s:34:4:34:Infinity":11,"f:37:2:37:20":7,"b:38:4:43:Infinity:undefined:undefined:undefined:undefined":0,"s:38:4:43:Infinity":12,"b:38:8:38:37:38:37:38:52":1,"s:39:23:39:Infinity":13,"s:40:6:40:Infinity":14,"s:41:6:41:Infinity":15,"s:42:6:42:Infinity":16,"f:47:2:47:14":8,"s:48:4:48:Infinity":17,"f:51:2:51:25":9,"b:52:4:58:Infinity:undefined:undefined:undefined:undefined":2,"s:52:4:58:Infinity":18,"s:53:22:55:Infinity":19,"f:54:13:54:21":10,"s:54:21:54:42":20,"s:56:6:56:Infinity":21,"s:57:6:57:Infinity":22,"f:61:10:61:21":11,"s:62:4:67:Infinity":23}}}
,"/Users/darin/code/dc/dc.com/src/utils/markdown/handlers/CodeBlockHandler.ts": {"path":"/Users/darin/code/dc/dc.com/src/utils/markdown/handlers/CodeBlockHandler.ts","statementMap":{"0":{"start":{"line":6,"column":4},"end":{"line":6,"column":null}},"1":{"start":{"line":10,"column":20},"end":{"line":10,"column":null}},"2":{"start":{"line":12,"column":4},"end":{"line":23,"column":null}},"3":{"start":{"line":14,"column":6},"end":{"line":21,"column":null}},"4":{"start":{"line":16,"column":8},"end":{"line":16,"column":null}},"5":{"start":{"line":17,"column":8},"end":{"line":17,"column":null}},"6":{"start":{"line":20,"column":8},"end":{"line":20,"column":null}},"7":{"start":{"line":22,"column":6},"end":{"line":22,"column":null}},"8":{"start":{"line":26,"column":4},"end":{"line":31,"column":null}},"9":{"start":{"line":28,"column":6},"end":{"line":28,"column":null}},"10":{"start":{"line":29,"column":6},"end":{"line":29,"column":null}},"11":{"start":{"line":30,"column":6},"end":{"line":30,"column":null}},"12":{"start":{"line":33,"column":4},"end":{"line":33,"column":null}}},"fnMap":{"0":{"name":"(anonymous_0)","decl":{"start":{"line":5,"column":2},"end":{"line":5,"column":12}},"loc":{"start":{"line":5,"column":58},"end":{"line":7,"column":null}},"line":5},"1":{"name":"(anonymous_1)","decl":{"start":{"line":9,"column":2},"end":{"line":9,"column":9}},"loc":{"start":{"line":9,"column":55},"end":{"line":34,"column":null}},"line":9}},"branchMap":{"0":{"loc":{"start":{"line":6,"column":11},"end":{"line":6,"column":null}},"type":"binary-expr","locations":[{"start":{"line":6,"column":11},"end":{"line":6,"column":44}},{"start":{"line":6,"column":44},"end":{"line":6,"column":null}}],"line":6},"1":{"loc":{"start":{"line":12,"column":4},"end":{"line":23,"column":null}},"type":"if","locations":[{"start":{"line":12,"column":4},"end":{"line":23,"column":null}},{"start":{},"end":{}}],"line":12},"2":{"loc":{"start":{"line":14,"column":6},"end":{"line":21,"column":null}},"type":"if","locations":[{"start":{"line":14,"column":6},"end":{"line":21,"column":null}},{"start":{"line":18,"column":13},"end":{"line":21,"column":null}}],"line":14},"3":{"loc":{"start":{"line":26,"column":4},"end":{"line":31,"column":null}},"type":"if","locations":[{"start":{"line":26,"column":4},"end":{"line":31,"column":null}},{"start":{},"end":{}}],"line":26}},"s":{"0":0,"1":0,"2":0,"3":0,"4":0,"5":0,"6":0,"7":0,"8":0,"9":0,"10":0,"11":0,"12":0},"f":{"0":0,"1":0},"b":{"0":[0,0],"1":[0,0],"2":[0,0],"3":[0,0]},"meta":{"lastBranch":4,"lastFunction":2,"lastStatement":13,"seen":{"f:5:2:5:12":0,"s:6:4:6:Infinity":0,"b:6:11:6:44:6:44:6:Infinity":0,"f:9:2:9:9":1,"s:10:20:10:Infinity":1,"b:12:4:23:Infinity:undefined:undefined:undefined:undefined":1,"s:12:4:23:Infinity":2,"b:14:6:21:Infinity:18:13:21:Infinity":2,"s:14:6:21:Infinity":3,"s:16:8:16:Infinity":4,"s:17:8:17:Infinity":5,"s:20:8:20:Infinity":6,"s:22:6:22:Infinity":7,"b:26:4:31:Infinity:undefined:undefined:undefined:undefined":3,"s:26:4:31:Infinity":8,"s:28:6:28:Infinity":9,"s:29:6:29:Infinity":10,"s:30:6:30:Infinity":11,"s:33:4:33:Infinity":12}}}
,"/Users/darin/code/dc/dc.com/src/utils/markdown/handlers/EmptyLineHandler.ts": {"path":"/Users/darin/code/dc/dc.com/src/utils/markdown/handlers/EmptyLineHandler.ts","statementMap":{"0":{"start":{"line":7,"column":4},"end":{"line":7,"column":null}},"1":{"start":{"line":7,"column":45},"end":{"line":7,"column":null}},"2":{"start":{"line":8,"column":4},"end":{"line":8,"column":null}},"3":{"start":{"line":13,"column":4},"end":{"line":16,"column":null}},"4":{"start":{"line":14,"column":6},"end":{"line":14,"column":null}},"5":{"start":{"line":15,"column":6},"end":{"line":15,"column":null}},"6":{"start":{"line":19,"column":4},"end":{"line":21,"column":null}},"7":{"start":{"line":20,"column":6},"end":{"line":20,"column":null}},"8":{"start":{"line":23,"column":4},"end":{"line":23,"column":null}}},"fnMap":{"0":{"name":"(anonymous_0)","decl":{"start":{"line":5,"column":2},"end":{"line":5,"column":12}},"loc":{"start":{"line":5,"column":58},"end":{"line":9,"column":null}},"line":5},"1":{"name":"(anonymous_1)","decl":{"start":{"line":11,"column":2},"end":{"line":11,"column":9}},"loc":{"start":{"line":11,"column":56},"end":{"line":24,"column":null}},"line":11}},"branchMap":{"0":{"loc":{"start":{"line":7,"column":4},"end":{"line":7,"column":null}},"type":"if","locations":[{"start":{"line":7,"column":4},"end":{"line":7,"column":null}},{"start":{},"end":{}}],"line":7},"1":{"loc":{"start":{"line":13,"column":4},"end":{"line":16,"column":null}},"type":"if","locations":[{"start":{"line":13,"column":4},"end":{"line":16,"column":null}},{"start":{},"end":{}}],"line":13},"2":{"loc":{"start":{"line":19,"column":4},"end":{"line":21,"column":null}},"type":"if","locations":[{"start":{"line":19,"column":4},"end":{"line":21,"column":null}},{"start":{},"end":{}}],"line":19}},"s":{"0":0,"1":0,"2":0,"3":0,"4":0,"5":0,"6":0,"7":0,"8":0},"f":{"0":0,"1":0},"b":{"0":[0,0],"1":[0,0],"2":[0,0]},"meta":{"lastBranch":3,"lastFunction":2,"lastStatement":9,"seen":{"f:5:2:5:12":0,"b:7:4:7:Infinity:undefined:undefined:undefined:undefined":0,"s:7:4:7:Infinity":0,"s:7:45:7:Infinity":1,"s:8:4:8:Infinity":2,"f:11:2:11:9":1,"b:13:4:16:Infinity:undefined:undefined:undefined:undefined":1,"s:13:4:16:Infinity":3,"s:14:6:14:Infinity":4,"s:15:6:15:Infinity":5,"b:19:4:21:Infinity:undefined:undefined:undefined:undefined":2,"s:19:4:21:Infinity":6,"s:20:6:20:Infinity":7,"s:23:4:23:Infinity":8}}}
,"/Users/darin/code/dc/dc.com/src/utils/markdown/handlers/HeaderHandler.ts": {"path":"/Users/darin/code/dc/dc.com/src/utils/markdown/handlers/HeaderHandler.ts","statementMap":{"0":{"start":{"line":8,"column":4},"end":{"line":8,"column":null}},"1":{"start":{"line":8,"column":45},"end":{"line":8,"column":null}},"2":{"start":{"line":9,"column":4},"end":{"line":9,"column":null}},"3":{"start":{"line":13,"column":20},"end":{"line":13,"column":null}},"4":{"start":{"line":14,"column":18},"end":{"line":14,"column":null}},"5":{"start":{"line":16,"column":4},"end":{"line":16,"column":null}},"6":{"start":{"line":16,"column":16},"end":{"line":16,"column":null}},"7":{"start":{"line":19,"column":4},"end":{"line":19,"column":null}},"8":{"start":{"line":21,"column":18},"end":{"line":21,"column":null}},"9":{"start":{"line":22,"column":20},"end":{"line":22,"column":null}},"10":{"start":{"line":23,"column":4},"end":{"line":23,"column":null}},"11":{"start":{"line":25,"column":4},"end":{"line":25,"column":null}}},"fnMap":{"0":{"name":"(anonymous_0)","decl":{"start":{"line":6,"column":2},"end":{"line":6,"column":12}},"loc":{"start":{"line":6,"column":58},"end":{"line":10,"column":null}},"line":6},"1":{"name":"(anonymous_1)","decl":{"start":{"line":12,"column":2},"end":{"line":12,"column":9}},"loc":{"start":{"line":12,"column":55},"end":{"line":26,"column":null}},"line":12}},"branchMap":{"0":{"loc":{"start":{"line":8,"column":4},"end":{"line":8,"column":null}},"type":"if","locations":[{"start":{"line":8,"column":4},"end":{"line":8,"column":null}},{"start":{},"end":{}}],"line":8},"1":{"loc":{"start":{"line":16,"column":4},"end":{"line":16,"column":null}},"type":"if","locations":[{"start":{"line":16,"column":4},"end":{"line":16,"column":null}},{"start":{},"end":{}}],"line":16}},"s":{"0":0,"1":0,"2":0,"3":0,"4":0,"5":0,"6":0,"7":0,"8":0,"9":0,"10":0,"11":0},"f":{"0":0,"1":0},"b":{"0":[0,0],"1":[0,0]},"meta":{"lastBranch":2,"lastFunction":2,"lastStatement":12,"seen":{"f:6:2:6:12":0,"b:8:4:8:Infinity:undefined:undefined:undefined:undefined":0,"s:8:4:8:Infinity":0,"s:8:45:8:Infinity":1,"s:9:4:9:Infinity":2,"f:12:2:12:9":1,"s:13:20:13:Infinity":3,"s:14:18:14:Infinity":4,"b:16:4:16:Infinity:undefined:undefined:undefined:undefined":1,"s:16:4:16:Infinity":5,"s:16:16:16:Infinity":6,"s:19:4:19:Infinity":7,"s:21:18:21:Infinity":8,"s:22:20:22:Infinity":9,"s:23:4:23:Infinity":10,"s:25:4:25:Infinity":11}}}
,"/Users/darin/code/dc/dc.com/src/utils/markdown/handlers/ListHandler.ts": {"path":"/Users/darin/code/dc/dc.com/src/utils/markdown/handlers/ListHandler.ts","statementMap":{"0":{"start":{"line":8,"column":4},"end":{"line":8,"column":null}},"1":{"start":{"line":8,"column":45},"end":{"line":8,"column":null}},"2":{"start":{"line":10,"column":20},"end":{"line":10,"column":null}},"3":{"start":{"line":13,"column":4},"end":{"line":13,"column":null}},"4":{"start":{"line":13,"column":35},"end":{"line":13,"column":null}},"5":{"start":{"line":16,"column":4},"end":{"line":16,"column":null}},"6":{"start":{"line":16,"column":36},"end":{"line":16,"column":null}},"7":{"start":{"line":19,"column":4},"end":{"line":21,"column":null}},"8":{"start":{"line":20,"column":6},"end":{"line":20,"column":null}},"9":{"start":{"line":23,"column":4},"end":{"line":23,"column":null}},"10":{"start":{"line":27,"column":20},"end":{"line":27,"column":null}},"11":{"start":{"line":30,"column":4},"end":{"line":34,"column":null}},"12":{"start":{"line":31,"column":6},"end":{"line":31,"column":null}},"13":{"start":{"line":32,"column":6},"end":{"line":32,"column":null}},"14":{"start":{"line":33,"column":6},"end":{"line":33,"column":null}},"15":{"start":{"line":37,"column":20},"end":{"line":37,"column":null}},"16":{"start":{"line":38,"column":4},"end":{"line":40,"column":null}},"17":{"start":{"line":39,"column":6},"end":{"line":39,"column":null}},"18":{"start":{"line":43,"column":20},"end":{"line":43,"column":null}},"19":{"start":{"line":44,"column":4},"end":{"line":46,"column":null}},"20":{"start":{"line":45,"column":6},"end":{"line":45,"column":null}},"21":{"start":{"line":48,"column":4},"end":{"line":48,"column":null}},"22":{"start":{"line":56,"column":28},"end":{"line":56,"column":null}},"23":{"start":{"line":59,"column":4},"end":{"line":61,"column":null}},"24":{"start":{"line":60,"column":6},"end":{"line":60,"column":null}},"25":{"start":{"line":64,"column":4},"end":{"line":67,"column":null}},"26":{"start":{"line":65,"column":6},"end":{"line":65,"column":null}},"27":{"start":{"line":66,"column":6},"end":{"line":66,"column":null}},"28":{"start":{"line":69,"column":28},"end":{"line":69,"column":null}},"29":{"start":{"line":70,"column":4},"end":{"line":70,"column":null}},"30":{"start":{"line":72,"column":4},"end":{"line":72,"column":null}},"31":{"start":{"line":76,"column":4},"end":{"line":78,"column":null}}},"fnMap":{"0":{"name":"(anonymous_0)","decl":{"start":{"line":6,"column":2},"end":{"line":6,"column":12}},"loc":{"start":{"line":6,"column":58},"end":{"line":24,"column":null}},"line":6},"1":{"name":"(anonymous_1)","decl":{"start":{"line":26,"column":2},"end":{"line":26,"column":9}},"loc":{"start":{"line":26,"column":55},"end":{"line":49,"column":null}},"line":26},"2":{"name":"(anonymous_2)","decl":{"start":{"line":51,"column":10},"end":{"line":51,"column":null}},"loc":{"start":{"line":55,"column":13},"end":{"line":73,"column":null}},"line":55},"3":{"name":"(anonymous_3)","decl":{"start":{"line":75,"column":10},"end":{"line":75,"column":21}},"loc":{"start":{"line":75,"column":44},"end":{"line":80,"column":null}},"line":75}},"branchMap":{"0":{"loc":{"start":{"line":8,"column":4},"end":{"line":8,"column":null}},"type":"if","locations":[{"start":{"line":8,"column":4},"end":{"line":8,"column":null}},{"start":{},"end":{}}],"line":8},"1":{"loc":{"start":{"line":13,"column":4},"end":{"line":13,"column":null}},"type":"if","locations":[{"start":{"line":13,"column":4},"end":{"line":13,"column":null}},{"start":{},"end":{}}],"line":13},"2":{"loc":{"start":{"line":16,"column":4},"end":{"line":16,"column":null}},"type":"if","locations":[{"start":{"line":16,"column":4},"end":{"line":16,"column":null}},{"start":{},"end":{}}],"line":16},"3":{"loc":{"start":{"line":19,"column":4},"end":{"line":21,"column":null}},"type":"if","locations":[{"start":{"line":19,"column":4},"end":{"line":21,"column":null}},{"start":{},"end":{}}],"line":19},"4":{"loc":{"start":{"line":20,"column":13},"end":{"line":20,"column":null}},"type":"binary-expr","locations":[{"start":{"line":20,"column":13},"end":{"line":20,"column":35}},{"start":{"line":20,"column":35},"end":{"line":20,"column":null}}],"line":20},"5":{"loc":{"start":{"line":30,"column":4},"end":{"line":34,"column":null}},"type":"if","locations":[{"start":{"line":30,"column":4},"end":{"line":34,"column":null}},{"start":{},"end":{}}],"line":30},"6":{"loc":{"start":{"line":30,"column":8},"end":{"line":30,"column":82}},"type":"binary-expr","locations":[{"start":{"line":30,"column":8},"end":{"line":30,"column":42}},{"start":{"line":30,"column":42},"end":{"line":30,"column":54}},{"start":{"line":30,"column":54},"end":{"line":30,"column":82}}],"line":30},"7":{"loc":{"start":{"line":38,"column":4},"end":{"line":40,"column":null}},"type":"if","locations":[{"start":{"line":38,"column":4},"end":{"line":40,"column":null}},{"start":{},"end":{}}],"line":38},"8":{"loc":{"start":{"line":44,"column":4},"end":{"line":46,"column":null}},"type":"if","locations":[{"start":{"line":44,"column":4},"end":{"line":46,"column":null}},{"start":{},"end":{}}],"line":44},"9":{"loc":{"start":{"line":59,"column":4},"end":{"line":61,"column":null}},"type":"if","locations":[{"start":{"line":59,"column":4},"end":{"line":61,"column":null}},{"start":{},"end":{}}],"line":59},"10":{"loc":{"start":{"line":59,"column":8},"end":{"line":59,"column":53}},"type":"binary-expr","locations":[{"start":{"line":59,"column":8},"end":{"line":59,"column":27}},{"start":{"line":59,"column":27},"end":{"line":59,"column":53}}],"line":59},"11":{"loc":{"start":{"line":64,"column":4},"end":{"line":67,"column":null}},"type":"if","locations":[{"start":{"line":64,"column":4},"end":{"line":67,"column":null}},{"start":{},"end":{}}],"line":64},"12":{"loc":{"start":{"line":64,"column":8},"end":{"line":64,"column":54}},"type":"binary-expr","locations":[{"start":{"line":64,"column":8},"end":{"line":64,"column":28}},{"start":{"line":64,"column":28},"end":{"line":64,"column":54}}],"line":64},"13":{"loc":{"start":{"line":77,"column":6},"end":{"line":78,"column":null}},"type":"binary-expr","locations":[{"start":{"line":77,"column":6},"end":{"line":77,"column":null}},{"start":{"line":78,"column":6},"end":{"line":78,"column":null}}],"line":77}},"s":{"0":0,"1":0,"2":0,"3":0,"4":0,"5":0,"6":0,"7":0,"8":0,"9":0,"10":0,"11":0,"12":0,"13":0,"14":0,"15":0,"16":0,"17":0,"18":0,"19":0,"20":0,"21":0,"22":0,"23":0,"24":0,"25":0,"26":0,"27":0,"28":0,"29":0,"30":0,"31":0},"f":{"0":0,"1":0,"2":0,"3":0},"b":{"0":[0,0],"1":[0,0],"2":[0,0],"3":[0,0],"4":[0,0],"5":[0,0],"6":[0,0,0],"7":[0,0],"8":[0,0],"9":[0,0],"10":[0,0],"11":[0,0],"12":[0,0],"13":[0,0]},"meta":{"lastBranch":14,"lastFunction":4,"lastStatement":32,"seen":{"f:6:2:6:12":0,"b:8:4:8:Infinity:undefined:undefined:undefined:undefined":0,"s:8:4:8:Infinity":0,"s:8:45:8:Infinity":1,"s:10:20:10:Infinity":2,"b:13:4:13:Infinity:undefined:undefined:undefined:undefined":1,"s:13:4:13:Infinity":3,"s:13:35:13:Infinity":4,"b:16:4:16:Infinity:undefined:undefined:undefined:undefined":2,"s:16:4:16:Infinity":5,"s:16:36:16:Infinity":6,"b:19:4:21:Infinity:undefined:undefined:undefined:undefined":3,"s:19:4:21:Infinity":7,"s:20:6:20:Infinity":8,"b:20:13:20:35:20:35:20:Infinity":4,"s:23:4:23:Infinity":9,"f:26:2:26:9":1,"s:27:20:27:Infinity":10,"b:30:4:34:Infinity:undefined:undefined:undefined:undefined":5,"s:30:4:34:Infinity":11,"b:30:8:30:42:30:42:30:54:30:54:30:82":6,"s:31:6:31:Infinity":12,"s:32:6:32:Infinity":13,"s:33:6:33:Infinity":14,"s:37:20:37:Infinity":15,"b:38:4:40:Infinity:undefined:undefined:undefined:undefined":7,"s:38:4:40:Infinity":16,"s:39:6:39:Infinity":17,"s:43:20:43:Infinity":18,"b:44:4:46:Infinity:undefined:undefined:undefined:undefined":8,"s:44:4:46:Infinity":19,"s:45:6:45:Infinity":20,"s:48:4:48:Infinity":21,"f:51:10:51:Infinity":2,"s:56:28:56:Infinity":22,"b:59:4:61:Infinity:undefined:undefined:undefined:undefined":9,"s:59:4:61:Infinity":23,"b:59:8:59:27:59:27:59:53":10,"s:60:6:60:Infinity":24,"b:64:4:67:Infinity:undefined:undefined:undefined:undefined":11,"s:64:4:67:Infinity":25,"b:64:8:64:28:64:28:64:54":12,"s:65:6:65:Infinity":26,"s:66:6:66:Infinity":27,"s:69:28:69:Infinity":28,"s:70:4:70:Infinity":29,"s:72:4:72:Infinity":30,"f:75:10:75:21":3,"s:76:4:78:Infinity":31,"b:77:6:77:Infinity:78:6:78:Infinity":13}}}
,"/Users/darin/code/dc/dc.com/src/utils/markdown/handlers/ParagraphHandler.ts": {"path":"/Users/darin/code/dc/dc.com/src/utils/markdown/handlers/ParagraphHandler.ts","statementMap":{"0":{"start":{"line":8,"column":4},"end":{"line":8,"column":null}},"1":{"start":{"line":12,"column":20},"end":{"line":12,"column":null}},"2":{"start":{"line":13,"column":4},"end":{"line":13,"column":null}},"3":{"start":{"line":14,"column":4},"end":{"line":14,"column":null}}},"fnMap":{"0":{"name":"(anonymous_0)","decl":{"start":{"line":6,"column":2},"end":{"line":6,"column":12}},"loc":{"start":{"line":6,"column":58},"end":{"line":9,"column":null}},"line":6},"1":{"name":"(anonymous_1)","decl":{"start":{"line":11,"column":2},"end":{"line":11,"column":9}},"loc":{"start":{"line":11,"column":55},"end":{"line":15,"column":null}},"line":11}},"branchMap":{"0":{"loc":{"start":{"line":8,"column":11},"end":{"line":8,"column":null}},"type":"binary-expr","locations":[{"start":{"line":8,"column":11},"end":{"line":8,"column":46}},{"start":{"line":8,"column":46},"end":{"line":8,"column":null}}],"line":8}},"s":{"0":0,"1":0,"2":0,"3":0},"f":{"0":0,"1":0},"b":{"0":[0,0]},"meta":{"lastBranch":1,"lastFunction":2,"lastStatement":4,"seen":{"f:6:2:6:12":0,"s:8:4:8:Infinity":0,"b:8:11:8:46:8:46:8:Infinity":0,"f:11:2:11:9":1,"s:12:20:12:Infinity":1,"s:13:4:13:Infinity":2,"s:14:4:14:Infinity":3}}}
}
